-------------------------------------------------------------------------------
Test set: crux.CompilerStageTests
-------------------------------------------------------------------------------
Tests run: 35, Failures: 0, Errors: 35, Skipped: 0, Time elapsed: 11.259 s <<< FAILURE! - in crux.CompilerStageTests
crux.CompilerStageTests.codegen  Time elapsed: 0.549 s  <<< ERROR!
java.util.concurrent.ExecutionException: java.lang.Error: Assembling and linking failed
	at crux.CompilerStageTests.lambda$codegen$9(CompilerStageTests.java:299)
Caused by: java.lang.Error: Assembling and linking failed

crux.CompilerStageTests.codegen  Time elapsed: 0.443 s  <<< ERROR!
java.util.concurrent.ExecutionException: java.lang.Error: Assembling and linking failed
	at crux.CompilerStageTests.lambda$codegen$9(CompilerStageTests.java:299)
Caused by: java.lang.Error: Assembling and linking failed

crux.CompilerStageTests.codegen  Time elapsed: 0.319 s  <<< ERROR!
java.util.concurrent.ExecutionException: java.lang.Error: Assembling and linking failed
	at crux.CompilerStageTests.lambda$codegen$9(CompilerStageTests.java:299)
Caused by: java.lang.Error: Assembling and linking failed

crux.CompilerStageTests.codegen  Time elapsed: 0.418 s  <<< ERROR!
java.util.concurrent.ExecutionException: java.lang.Error: Assembling and linking failed
	at crux.CompilerStageTests.lambda$codegen$9(CompilerStageTests.java:299)
Caused by: java.lang.Error: Assembling and linking failed

crux.CompilerStageTests.codegen  Time elapsed: 0.467 s  <<< ERROR!
java.util.concurrent.ExecutionException: java.lang.Error: Assembling and linking failed
	at crux.CompilerStageTests.lambda$codegen$9(CompilerStageTests.java:299)
Caused by: java.lang.Error: Assembling and linking failed

crux.CompilerStageTests.codegen  Time elapsed: 0.42 s  <<< ERROR!
java.util.concurrent.ExecutionException: java.lang.Error: Assembling and linking failed
	at crux.CompilerStageTests.lambda$codegen$9(CompilerStageTests.java:299)
Caused by: java.lang.Error: Assembling and linking failed

crux.CompilerStageTests.codegen  Time elapsed: 0.52 s  <<< ERROR!
java.util.concurrent.ExecutionException: java.lang.Error: Assembling and linking failed
	at crux.CompilerStageTests.lambda$codegen$9(CompilerStageTests.java:299)
Caused by: java.lang.Error: Assembling and linking failed

crux.CompilerStageTests.codegen  Time elapsed: 0.28 s  <<< ERROR!
java.util.concurrent.ExecutionException: java.lang.Error: Assembling and linking failed
	at crux.CompilerStageTests.lambda$codegen$9(CompilerStageTests.java:299)
Caused by: java.lang.Error: Assembling and linking failed

crux.CompilerStageTests.codegen  Time elapsed: 0.253 s  <<< ERROR!
java.util.concurrent.ExecutionException: java.lang.Error: Assembling and linking failed
	at crux.CompilerStageTests.lambda$codegen$9(CompilerStageTests.java:299)
Caused by: java.lang.Error: Assembling and linking failed

crux.CompilerStageTests.codegen  Time elapsed: 0.235 s  <<< ERROR!
java.util.concurrent.ExecutionException: java.lang.Error: Assembling and linking failed
	at crux.CompilerStageTests.lambda$codegen$9(CompilerStageTests.java:299)
Caused by: java.lang.Error: Assembling and linking failed

crux.CompilerStageTests.codegen  Time elapsed: 0.233 s  <<< ERROR!
java.util.concurrent.ExecutionException: java.lang.Error: Assembling and linking failed
	at crux.CompilerStageTests.lambda$codegen$9(CompilerStageTests.java:299)
Caused by: java.lang.Error: Assembling and linking failed

crux.CompilerStageTests.codegen  Time elapsed: 0.261 s  <<< ERROR!
java.util.concurrent.ExecutionException: java.lang.Error: Assembling and linking failed
	at crux.CompilerStageTests.lambda$codegen$9(CompilerStageTests.java:299)
Caused by: java.lang.Error: Assembling and linking failed

crux.CompilerStageTests.codegen  Time elapsed: 0.227 s  <<< ERROR!
java.util.concurrent.ExecutionException: java.lang.Error: Assembling and linking failed
	at crux.CompilerStageTests.lambda$codegen$9(CompilerStageTests.java:299)
Caused by: java.lang.Error: Assembling and linking failed

crux.CompilerStageTests.codegen  Time elapsed: 0.263 s  <<< ERROR!
java.util.concurrent.ExecutionException: java.lang.Error: Assembling and linking failed
	at crux.CompilerStageTests.lambda$codegen$9(CompilerStageTests.java:299)
Caused by: java.lang.Error: Assembling and linking failed

crux.CompilerStageTests.codegen  Time elapsed: 0.673 s  <<< ERROR!
java.util.concurrent.ExecutionException: java.lang.Error: Assembling and linking failed
	at crux.CompilerStageTests.lambda$codegen$9(CompilerStageTests.java:299)
Caused by: java.lang.Error: Assembling and linking failed

crux.CompilerStageTests.codegen  Time elapsed: 0.376 s  <<< ERROR!
java.util.concurrent.ExecutionException: java.lang.Error: Assembling and linking failed
	at crux.CompilerStageTests.lambda$codegen$9(CompilerStageTests.java:299)
Caused by: java.lang.Error: Assembling and linking failed

crux.CompilerStageTests.codegen  Time elapsed: 0.242 s  <<< ERROR!
java.util.concurrent.ExecutionException: java.lang.Error: Assembling and linking failed
	at crux.CompilerStageTests.lambda$codegen$9(CompilerStageTests.java:299)
Caused by: java.lang.Error: Assembling and linking failed

crux.CompilerStageTests.codegen  Time elapsed: 0.237 s  <<< ERROR!
java.util.concurrent.ExecutionException: java.lang.Error: Assembling and linking failed
	at crux.CompilerStageTests.lambda$codegen$9(CompilerStageTests.java:299)
Caused by: java.lang.Error: Assembling and linking failed

crux.CompilerStageTests.codegen  Time elapsed: 0.225 s  <<< ERROR!
java.util.concurrent.ExecutionException: java.lang.Error: Assembling and linking failed
	at crux.CompilerStageTests.lambda$codegen$9(CompilerStageTests.java:299)
Caused by: java.lang.Error: Assembling and linking failed

crux.CompilerStageTests.codegen  Time elapsed: 0.278 s  <<< ERROR!
java.util.concurrent.ExecutionException: java.lang.Error: Assembling and linking failed
	at crux.CompilerStageTests.lambda$codegen$9(CompilerStageTests.java:299)
Caused by: java.lang.Error: Assembling and linking failed

crux.CompilerStageTests.codegen  Time elapsed: 0.253 s  <<< ERROR!
java.util.concurrent.ExecutionException: java.lang.Error: Assembling and linking failed
	at crux.CompilerStageTests.lambda$codegen$9(CompilerStageTests.java:299)
Caused by: java.lang.Error: Assembling and linking failed

crux.CompilerStageTests.codegen  Time elapsed: 0.288 s  <<< ERROR!
java.util.concurrent.ExecutionException: java.lang.Error: Assembling and linking failed
	at crux.CompilerStageTests.lambda$codegen$9(CompilerStageTests.java:299)
Caused by: java.lang.Error: Assembling and linking failed

crux.CompilerStageTests.codegen  Time elapsed: 0.246 s  <<< ERROR!
java.util.concurrent.ExecutionException: java.lang.Error: Assembling and linking failed
	at crux.CompilerStageTests.lambda$codegen$9(CompilerStageTests.java:299)
Caused by: java.lang.Error: Assembling and linking failed

crux.CompilerStageTests.codegen  Time elapsed: 0.274 s  <<< ERROR!
java.util.concurrent.ExecutionException: java.lang.Error: Assembling and linking failed
	at crux.CompilerStageTests.lambda$codegen$9(CompilerStageTests.java:299)
Caused by: java.lang.Error: Assembling and linking failed

crux.CompilerStageTests.codegen  Time elapsed: 0.278 s  <<< ERROR!
java.util.concurrent.ExecutionException: java.lang.Error: Assembling and linking failed
	at crux.CompilerStageTests.lambda$codegen$9(CompilerStageTests.java:299)
Caused by: java.lang.Error: Assembling and linking failed

crux.CompilerStageTests.codegen  Time elapsed: 0.252 s  <<< ERROR!
java.util.concurrent.ExecutionException: java.lang.Error: Assembling and linking failed
	at crux.CompilerStageTests.lambda$codegen$9(CompilerStageTests.java:299)
Caused by: java.lang.Error: Assembling and linking failed

crux.CompilerStageTests.codegen  Time elapsed: 0.285 s  <<< ERROR!
java.util.concurrent.ExecutionException: java.lang.Error: Assembling and linking failed
	at crux.CompilerStageTests.lambda$codegen$9(CompilerStageTests.java:299)
Caused by: java.lang.Error: Assembling and linking failed

crux.CompilerStageTests.codegen  Time elapsed: 0.266 s  <<< ERROR!
java.util.concurrent.ExecutionException: java.lang.Error: Assembling and linking failed
	at crux.CompilerStageTests.lambda$codegen$9(CompilerStageTests.java:299)
Caused by: java.lang.Error: Assembling and linking failed

crux.CompilerStageTests.codegen  Time elapsed: 0.275 s  <<< ERROR!
java.util.concurrent.ExecutionException: java.lang.Error: Assembling and linking failed
	at crux.CompilerStageTests.lambda$codegen$9(CompilerStageTests.java:299)
Caused by: java.lang.Error: Assembling and linking failed

crux.CompilerStageTests.codegen  Time elapsed: 0.23 s  <<< ERROR!
java.util.concurrent.ExecutionException: java.lang.Error: Assembling and linking failed
	at crux.CompilerStageTests.lambda$codegen$9(CompilerStageTests.java:299)
Caused by: java.lang.Error: Assembling and linking failed

crux.CompilerStageTests.codegen  Time elapsed: 0.282 s  <<< ERROR!
java.util.concurrent.ExecutionException: java.lang.Error: Assembling and linking failed
	at crux.CompilerStageTests.lambda$codegen$9(CompilerStageTests.java:299)
Caused by: java.lang.Error: Assembling and linking failed

crux.CompilerStageTests.codegen  Time elapsed: 0.253 s  <<< ERROR!
java.util.concurrent.ExecutionException: java.lang.Error: Assembling and linking failed
	at crux.CompilerStageTests.lambda$codegen$9(CompilerStageTests.java:299)
Caused by: java.lang.Error: Assembling and linking failed

crux.CompilerStageTests.codegen  Time elapsed: 0.334 s  <<< ERROR!
java.util.concurrent.ExecutionException: java.lang.Error: Assembling and linking failed
	at crux.CompilerStageTests.lambda$codegen$9(CompilerStageTests.java:299)
Caused by: java.lang.Error: Assembling and linking failed

crux.CompilerStageTests.codegen  Time elapsed: 0.398 s  <<< ERROR!
java.util.concurrent.ExecutionException: java.lang.Error: Assembling and linking failed
	at crux.CompilerStageTests.lambda$codegen$9(CompilerStageTests.java:299)
Caused by: java.lang.Error: Assembling and linking failed

crux.CompilerStageTests.codegen  Time elapsed: 0.252 s  <<< ERROR!
java.util.concurrent.ExecutionException: java.lang.Error: Assembling and linking failed
	at crux.CompilerStageTests.lambda$codegen$9(CompilerStageTests.java:299)
Caused by: java.lang.Error: Assembling and linking failed

