<?xml version="1.0" encoding="UTF-8"?>
<testsuite xmlns:xsi="http://www.w3.org/2001/XMLSchema-instance" xsi:noNamespaceSchemaLocation="https://maven.apache.org/surefire/maven-surefire-plugin/xsd/surefire-test-report-3.0.xsd" version="3.0" name="crux.CompilerStageTests" time="0.771" tests="50" errors="0" skipped="0" failures="2">
  <properties>
[...]
</properties>
  <testcase name="ast" classname="crux.CompilerStageTests" time="0.108"/>
  <testcase name="ast" classname="crux.CompilerStageTests" time="0.013"/>
  <testcase name="ast" classname="crux.CompilerStageTests" time="0.005"/>
  <testcase name="ast" classname="crux.CompilerStageTests" time="0.009"/>
  <testcase name="ast" classname="crux.CompilerStageTests" time="0.007"/>
  <testcase name="ast" classname="crux.CompilerStageTests" time="0.006"/>
  <testcase name="ast" classname="crux.CompilerStageTests" time="0.004"/>
  <testcase name="ast" classname="crux.CompilerStageTests" time="0.004"/>
  <testcase name="ast" classname="crux.CompilerStageTests" time="0.006"/>
  <testcase name="ast" classname="crux.CompilerStageTests" time="0.006"/>
  <testcase name="ast" classname="crux.CompilerStageTests" time="0.006"/>
  <testcase name="ast" classname="crux.CompilerStageTests" time="0.01"/>
  <testcase name="ast" classname="crux.CompilerStageTests" time="0.004"/>
  <testcase name="ast" classname="crux.CompilerStageTests" time="0.005"/>
  <testcase name="ast" classname="crux.CompilerStageTests" time="0.005"/>
  <testcase name="ast" classname="crux.CompilerStageTests" time="0.004"/>
  <testcase name="ast" classname="crux.CompilerStageTests" time="0.008"/>
  <testcase name="ast" classname="crux.CompilerStageTests" time="0.005"/>
  <testcase name="ast" classname="crux.CompilerStageTests" time="0.005"/>
  <testcase name="ast" classname="crux.CompilerStageTests" time="0.005"/>
  <testcase name="ast" classname="crux.CompilerStageTests" time="0.003"/>
  <testcase name="ast" classname="crux.CompilerStageTests" time="0.004"/>
  <testcase name="ast" classname="crux.CompilerStageTests" time="0.008"/>
  <testcase name="ast" classname="crux.CompilerStageTests" time="0.005"/>
  <testcase name="ast" classname="crux.CompilerStageTests" time="0.005"/>
  <testcase name="ast" classname="crux.CompilerStageTests" time="0.005"/>
  <testcase name="ast" classname="crux.CompilerStageTests" time="0.005"/>
  <testcase name="ast" classname="crux.CompilerStageTests" time="0.006"/>
  <testcase name="ast" classname="crux.CompilerStageTests" time="0.014"/>
  <testcase name="ast" classname="crux.CompilerStageTests" time="0.007"/>
  <testcase name="ast" classname="crux.CompilerStageTests" time="0.02">
    <failure type="org.opentest4j.AssertionFailedError"><![CDATA[org.opentest4j.AssertionFailedError: 
AST for program crux/stages/ast/test31.crx differs from expected output. ==> expected: <a;
shadowWithParam(a) {
  a = 7;
  printInt(a);
  println();
}
shadowWithLocal() {
  a;
  a = 9;
  printInt(a);
  println();
}
main() {
  a = 5;
  printInt(a);
  println();
  shadowWithParam(8);
  printInt(a);
  println();
  shadowWithLocal();
  printInt(a);
  println();
}> but was: <DeclarationError(5)[Symbol 'a' already exists in the current scope.]>
	at crux.CompilerStageTests.lambda$ast$3(CompilerStageTests.java:133)
]]></failure>
    <system-out><![CDATA[ADDED PARAM FOR shadowWithParam CALLED a
]]></system-out>
  </testcase>
  <testcase name="ast" classname="crux.CompilerStageTests" time="0.01"/>
  <testcase name="ast" classname="crux.CompilerStageTests" time="0.016"/>
  <testcase name="ast" classname="crux.CompilerStageTests" time="0.017"/>
  <testcase name="ast" classname="crux.CompilerStageTests" time="0.019">
    <failure type="org.opentest4j.AssertionFailedError"><![CDATA[org.opentest4j.AssertionFailedError: 
AST for program crux/stages/ast/test35.crx differs from expected output. ==> expected: <myPrintZero() {
  printInt(0);
}
myPrintOne(a) {
  printInt(a);
}
myPrintTwo(a, b) {
  printInt(a);
  printInt(b);
}
myPrintThree(a, b, c) {
  printInt(a);
  printInt(b);
  printInt(c);
}
main() {
  myPrintZero();
  println();
  myPrintOne(1);
  println();
  myPrintTwo(1, 2);
  println();
  myPrintThree(1, 2, 3);
  println();
}> but was: <DeclarationError(11)[Symbol 'a' already exists in the current scope.]
DeclarationError(16)[Symbol 'a' already exists in the current scope.]
DeclarationError(16)[Symbol 'b' already exists in the current scope.]>
	at crux.CompilerStageTests.lambda$ast$3(CompilerStageTests.java:133)
]]></failure>
    <system-out><![CDATA[ADDED PARAM FOR myPrintOne CALLED a
ADDED PARAM FOR myPrintTwo CALLED a
ADDED PARAM FOR myPrintTwo CALLED b
ADDED PARAM FOR myPrintThree CALLED a
ADDED PARAM FOR myPrintThree CALLED b
ADDED PARAM FOR myPrintThree CALLED c
]]></system-out>
  </testcase>
  <testcase name="ast" classname="crux.CompilerStageTests" time="0.015"/>
  <testcase name="ast" classname="crux.CompilerStageTests" time="0.016"/>
  <testcase name="ast" classname="crux.CompilerStageTests" time="0.021"/>
  <testcase name="ast" classname="crux.CompilerStageTests" time="0.015"/>
  <testcase name="ast" classname="crux.CompilerStageTests" time="0.014"/>
  <testcase name="ast" classname="crux.CompilerStageTests" time="0.014"/>
  <testcase name="ast" classname="crux.CompilerStageTests" time="0.005"/>
  <testcase name="ast" classname="crux.CompilerStageTests" time="0.006"/>
  <testcase name="ast" classname="crux.CompilerStageTests" time="0.006"/>
  <testcase name="ast" classname="crux.CompilerStageTests" time="0.008"/>
  <testcase name="ast" classname="crux.CompilerStageTests" time="0.008"/>
  <testcase name="ast" classname="crux.CompilerStageTests" time="0.006"/>
  <testcase name="ast" classname="crux.CompilerStageTests" time="0.005"/>
  <testcase name="ast" classname="crux.CompilerStageTests" time="0.012"/>
  <testcase name="ast" classname="crux.CompilerStageTests" time="0.01"/>
</testsuite>