<?xml version="1.0" encoding="UTF-8"?>
<testsuite xmlns:xsi="http://www.w3.org/2001/XMLSchema-instance" xsi:noNamespaceSchemaLocation="https://maven.apache.org/surefire/maven-surefire-plugin/xsd/surefire-test-report-3.0.xsd" version="3.0" name="crux.CompilerStageTests" time="0.771" tests="50" errors="0" skipped="0" failures="2">
  <properties>
    <property name="java.specification.version" value="21"/>
    <property name="sun.jnu.encoding" value="UTF-8"/>
    <property name="java.class.path" value="/Users/chiubacca/Desktop/Programs/142a/target/test-classes:/Users/chiubacca/Desktop/Programs/142a/target/classes:/Users/chiubacca/.m2/repository/org/antlr/antlr4-runtime/4.7.2/antlr4-runtime-4.7.2.jar:/Users/chiubacca/.m2/repository/org/junit/jupiter/junit-jupiter-api/5.5.2/junit-jupiter-api-5.5.2.jar:/Users/chiubacca/.m2/repository/org/apiguardian/apiguardian-api/1.1.0/apiguardian-api-1.1.0.jar:/Users/chiubacca/.m2/repository/org/opentest4j/opentest4j/1.2.0/opentest4j-1.2.0.jar:/Users/chiubacca/.m2/repository/org/junit/platform/junit-platform-commons/1.5.2/junit-platform-commons-1.5.2.jar:/Users/chiubacca/.m2/repository/org/junit/jupiter/junit-jupiter-engine/5.5.2/junit-jupiter-engine-5.5.2.jar:/Users/chiubacca/.m2/repository/org/junit/platform/junit-platform-engine/1.5.2/junit-platform-engine-1.5.2.jar:"/>
    <property name="java.vm.vendor" value="Homebrew"/>
    <property name="sun.arch.data.model" value="64"/>
    <property name="java.vendor.url" value="https://github.com/Homebrew/homebrew-core/issues"/>
    <property name="os.name" value="Mac OS X"/>
    <property name="java.vm.specification.version" value="21"/>
    <property name="sun.java.launcher" value="SUN_STANDARD"/>
    <property name="user.country" value="US"/>
    <property name="sun.boot.library.path" value="/usr/local/Cellar/openjdk/21.0.2/libexec/openjdk.jdk/Contents/Home/lib"/>
    <property name="sun.java.command" value="/Users/chiubacca/Desktop/Programs/142a/target/surefire/surefirebooter14900134018210671357.jar /Users/chiubacca/Desktop/Programs/142a/target/surefire 2024-05-22T23-15-15_581-jvmRun1 surefire7328375605309360824tmp surefire_017600386889072575132tmp"/>
    <property name="jdk.debug" value="release"/>
    <property name="surefire.test.class.path" value="/Users/chiubacca/Desktop/Programs/142a/target/test-classes:/Users/chiubacca/Desktop/Programs/142a/target/classes:/Users/chiubacca/.m2/repository/org/antlr/antlr4-runtime/4.7.2/antlr4-runtime-4.7.2.jar:/Users/chiubacca/.m2/repository/org/junit/jupiter/junit-jupiter-api/5.5.2/junit-jupiter-api-5.5.2.jar:/Users/chiubacca/.m2/repository/org/apiguardian/apiguardian-api/1.1.0/apiguardian-api-1.1.0.jar:/Users/chiubacca/.m2/repository/org/opentest4j/opentest4j/1.2.0/opentest4j-1.2.0.jar:/Users/chiubacca/.m2/repository/org/junit/platform/junit-platform-commons/1.5.2/junit-platform-commons-1.5.2.jar:/Users/chiubacca/.m2/repository/org/junit/jupiter/junit-jupiter-engine/5.5.2/junit-jupiter-engine-5.5.2.jar:/Users/chiubacca/.m2/repository/org/junit/platform/junit-platform-engine/1.5.2/junit-platform-engine-1.5.2.jar:"/>
    <property name="sun.cpu.endian" value="little"/>
    <property name="user.home" value="/Users/chiubacca"/>
    <property name="user.language" value="en"/>
    <property name="java.specification.vendor" value="Oracle Corporation"/>
    <property name="java.version.date" value="2024-01-16"/>
    <property name="java.home" value="/usr/local/Cellar/openjdk/21.0.2/libexec/openjdk.jdk/Contents/Home"/>
    <property name="file.separator" value="/"/>
    <property name="basedir" value="/Users/chiubacca/Desktop/Programs/142a"/>
    <property name="java.vm.compressedOopsMode" value="Zero based"/>
    <property name="line.separator" value="&#10;"/>
    <property name="java.specification.name" value="Java Platform API Specification"/>
    <property name="java.vm.specification.vendor" value="Oracle Corporation"/>
    <property name="apple.awt.application.name" value="ForkedBooter"/>
    <property name="surefire.real.class.path" value="/Users/chiubacca/Desktop/Programs/142a/target/surefire/surefirebooter14900134018210671357.jar"/>
    <property name="sun.management.compiler" value="HotSpot 64-Bit Tiered Compilers"/>
    <property name="java.runtime.version" value="21.0.2"/>
    <property name="user.name" value="chiubacca"/>
    <property name="stdout.encoding" value="UTF-8"/>
    <property name="path.separator" value=":"/>
    <property name="os.version" value="13.2.1"/>
    <property name="java.runtime.name" value="OpenJDK Runtime Environment"/>
    <property name="file.encoding" value="UTF-8"/>
    <property name="java.vm.name" value="OpenJDK 64-Bit Server VM"/>
    <property name="java.vendor.version" value="Homebrew"/>
    <property name="localRepository" value="/Users/chiubacca/.m2/repository"/>
    <property name="java.vendor.url.bug" value="https://github.com/Homebrew/homebrew-core/issues"/>
    <property name="java.io.tmpdir" value="/var/folders/c2/1_lwdw0d2l54rhr2jzq9b1s00000gn/T/"/>
    <property name="java.version" value="21.0.2"/>
    <property name="user.dir" value="/Users/chiubacca/Desktop/Programs/142a"/>
    <property name="os.arch" value="x86_64"/>
    <property name="java.vm.specification.name" value="Java Virtual Machine Specification"/>
    <property name="native.encoding" value="UTF-8"/>
    <property name="java.library.path" value="/Users/chiubacca/Library/Java/Extensions:/Library/Java/Extensions:/Network/Library/Java/Extensions:/System/Library/Java/Extensions:/usr/lib/java:."/>
    <property name="java.vm.info" value="mixed mode, sharing"/>
    <property name="stderr.encoding" value="UTF-8"/>
    <property name="java.vendor" value="Homebrew"/>
    <property name="java.vm.version" value="21.0.2"/>
    <property name="sun.io.unicode.encoding" value="UnicodeBig"/>
    <property name="java.class.version" value="65.0"/>
  </properties>
  <testcase name="ast" classname="crux.CompilerStageTests" time="0.108"/>
  <testcase name="ast" classname="crux.CompilerStageTests" time="0.013"/>
  <testcase name="ast" classname="crux.CompilerStageTests" time="0.005"/>
  <testcase name="ast" classname="crux.CompilerStageTests" time="0.009"/>
  <testcase name="ast" classname="crux.CompilerStageTests" time="0.007"/>
  <testcase name="ast" classname="crux.CompilerStageTests" time="0.006"/>
  <testcase name="ast" classname="crux.CompilerStageTests" time="0.004"/>
  <testcase name="ast" classname="crux.CompilerStageTests" time="0.004"/>
  <testcase name="ast" classname="crux.CompilerStageTests" time="0.006"/>
  <testcase name="ast" classname="crux.CompilerStageTests" time="0.006"/>
  <testcase name="ast" classname="crux.CompilerStageTests" time="0.006"/>
  <testcase name="ast" classname="crux.CompilerStageTests" time="0.01"/>
  <testcase name="ast" classname="crux.CompilerStageTests" time="0.004"/>
  <testcase name="ast" classname="crux.CompilerStageTests" time="0.005"/>
  <testcase name="ast" classname="crux.CompilerStageTests" time="0.005"/>
  <testcase name="ast" classname="crux.CompilerStageTests" time="0.004"/>
  <testcase name="ast" classname="crux.CompilerStageTests" time="0.008"/>
  <testcase name="ast" classname="crux.CompilerStageTests" time="0.005"/>
  <testcase name="ast" classname="crux.CompilerStageTests" time="0.005"/>
  <testcase name="ast" classname="crux.CompilerStageTests" time="0.005"/>
  <testcase name="ast" classname="crux.CompilerStageTests" time="0.003"/>
  <testcase name="ast" classname="crux.CompilerStageTests" time="0.004"/>
  <testcase name="ast" classname="crux.CompilerStageTests" time="0.008"/>
  <testcase name="ast" classname="crux.CompilerStageTests" time="0.005"/>
  <testcase name="ast" classname="crux.CompilerStageTests" time="0.005"/>
  <testcase name="ast" classname="crux.CompilerStageTests" time="0.005"/>
  <testcase name="ast" classname="crux.CompilerStageTests" time="0.005"/>
  <testcase name="ast" classname="crux.CompilerStageTests" time="0.006"/>
  <testcase name="ast" classname="crux.CompilerStageTests" time="0.014"/>
  <testcase name="ast" classname="crux.CompilerStageTests" time="0.007"/>
  <testcase name="ast" classname="crux.CompilerStageTests" time="0.02">
    <failure type="org.opentest4j.AssertionFailedError"><![CDATA[org.opentest4j.AssertionFailedError: 
AST for program crux/stages/ast/test31.crx differs from expected output. ==> expected: <a;
shadowWithParam(a) {
  a = 7;
  printInt(a);
  println();
}
shadowWithLocal() {
  a;
  a = 9;
  printInt(a);
  println();
}
main() {
  a = 5;
  printInt(a);
  println();
  shadowWithParam(8);
  printInt(a);
  println();
  shadowWithLocal();
  printInt(a);
  println();
}> but was: <DeclarationError(5)[Symbol 'a' already exists in the current scope.]>
	at crux.CompilerStageTests.lambda$ast$3(CompilerStageTests.java:133)
]]></failure>
    <system-out><![CDATA[ADDED PARAM FOR shadowWithParam CALLED a
]]></system-out>
  </testcase>
  <testcase name="ast" classname="crux.CompilerStageTests" time="0.01"/>
  <testcase name="ast" classname="crux.CompilerStageTests" time="0.016"/>
  <testcase name="ast" classname="crux.CompilerStageTests" time="0.017"/>
  <testcase name="ast" classname="crux.CompilerStageTests" time="0.019">
    <failure type="org.opentest4j.AssertionFailedError"><![CDATA[org.opentest4j.AssertionFailedError: 
AST for program crux/stages/ast/test35.crx differs from expected output. ==> expected: <myPrintZero() {
  printInt(0);
}
myPrintOne(a) {
  printInt(a);
}
myPrintTwo(a, b) {
  printInt(a);
  printInt(b);
}
myPrintThree(a, b, c) {
  printInt(a);
  printInt(b);
  printInt(c);
}
main() {
  myPrintZero();
  println();
  myPrintOne(1);
  println();
  myPrintTwo(1, 2);
  println();
  myPrintThree(1, 2, 3);
  println();
}> but was: <DeclarationError(11)[Symbol 'a' already exists in the current scope.]
DeclarationError(16)[Symbol 'a' already exists in the current scope.]
DeclarationError(16)[Symbol 'b' already exists in the current scope.]>
	at crux.CompilerStageTests.lambda$ast$3(CompilerStageTests.java:133)
]]></failure>
    <system-out><![CDATA[ADDED PARAM FOR myPrintOne CALLED a
ADDED PARAM FOR myPrintTwo CALLED a
ADDED PARAM FOR myPrintTwo CALLED b
ADDED PARAM FOR myPrintThree CALLED a
ADDED PARAM FOR myPrintThree CALLED b
ADDED PARAM FOR myPrintThree CALLED c
]]></system-out>
  </testcase>
  <testcase name="ast" classname="crux.CompilerStageTests" time="0.015"/>
  <testcase name="ast" classname="crux.CompilerStageTests" time="0.016"/>
  <testcase name="ast" classname="crux.CompilerStageTests" time="0.021"/>
  <testcase name="ast" classname="crux.CompilerStageTests" time="0.015"/>
  <testcase name="ast" classname="crux.CompilerStageTests" time="0.014"/>
  <testcase name="ast" classname="crux.CompilerStageTests" time="0.014"/>
  <testcase name="ast" classname="crux.CompilerStageTests" time="0.005"/>
  <testcase name="ast" classname="crux.CompilerStageTests" time="0.006"/>
  <testcase name="ast" classname="crux.CompilerStageTests" time="0.006"/>
  <testcase name="ast" classname="crux.CompilerStageTests" time="0.008"/>
  <testcase name="ast" classname="crux.CompilerStageTests" time="0.008"/>
  <testcase name="ast" classname="crux.CompilerStageTests" time="0.006"/>
  <testcase name="ast" classname="crux.CompilerStageTests" time="0.005"/>
  <testcase name="ast" classname="crux.CompilerStageTests" time="0.012"/>
  <testcase name="ast" classname="crux.CompilerStageTests" time="0.01"/>
</testsuite>