<?xml version="1.0" encoding="UTF-8"?>
<testsuite xmlns:xsi="http://www.w3.org/2001/XMLSchema-instance" xsi:noNamespaceSchemaLocation="https://maven.apache.org/surefire/maven-surefire-plugin/xsd/surefire-test-report-3.0.xsd" version="3.0" name="crux.CompilerStageTests" time="5.055" tests="49" errors="0" skipped="0" failures="3">
  <properties>
[...]
</properties>
  <testcase name="emulateIR" classname="crux.CompilerStageTests" time="0.181"/>
  <testcase name="emulateIR" classname="crux.CompilerStageTests" time="0.04"/>
  <testcase name="emulateIR" classname="crux.CompilerStageTests" time="0.026"/>
  <testcase name="emulateIR" classname="crux.CompilerStageTests" time="0.037"/>
  <testcase name="emulateIR" classname="crux.CompilerStageTests" time="0.019"/>
  <testcase name="emulateIR" classname="crux.CompilerStageTests" time="0.036"/>
  <testcase name="emulateIR" classname="crux.CompilerStageTests" time="0.018"/>
  <testcase name="emulateIR" classname="crux.CompilerStageTests" time="0.01"/>
  <testcase name="emulateIR" classname="crux.CompilerStageTests" time="0.017"/>
  <testcase name="emulateIR" classname="crux.CompilerStageTests" time="0.016"/>
  <testcase name="emulateIR" classname="crux.CompilerStageTests" time="0.018"/>
  <testcase name="emulateIR" classname="crux.CompilerStageTests" time="0.052"/>
  <testcase name="emulateIR" classname="crux.CompilerStageTests" time="0.011"/>
  <testcase name="emulateIR" classname="crux.CompilerStageTests" time="0.011"/>
  <testcase name="emulateIR" classname="crux.CompilerStageTests" time="0.01"/>
  <testcase name="emulateIR" classname="crux.CompilerStageTests" time="0.01"/>
  <testcase name="emulateIR" classname="crux.CompilerStageTests" time="0.042"/>
  <testcase name="emulateIR" classname="crux.CompilerStageTests" time="0.052"/>
  <testcase name="emulateIR" classname="crux.CompilerStageTests" time="0.054"/>
  <testcase name="emulateIR" classname="crux.CompilerStageTests" time="0.036"/>
  <testcase name="emulateIR" classname="crux.CompilerStageTests" time="0.018"/>
  <testcase name="emulateIR" classname="crux.CompilerStageTests" time="0.014"/>
  <testcase name="emulateIR" classname="crux.CompilerStageTests" time="0.016"/>
  <testcase name="emulateIR" classname="crux.CompilerStageTests" time="0.014"/>
  <testcase name="emulateIR" classname="crux.CompilerStageTests" time="0.011"/>
  <testcase name="emulateIR" classname="crux.CompilerStageTests" time="0.03"/>
  <testcase name="emulateIR" classname="crux.CompilerStageTests" time="0.027"/>
  <testcase name="emulateIR" classname="crux.CompilerStageTests" time="0.011"/>
  <testcase name="emulateIR" classname="crux.CompilerStageTests" time="0.012"/>
  <testcase name="emulateIR" classname="crux.CompilerStageTests" time="0.022"/>
  <testcase name="emulateIR" classname="crux.CompilerStageTests" time="0.041"/>
  <testcase name="emulateIR" classname="crux.CompilerStageTests" time="0.026">
    <failure type="org.opentest4j.AssertionFailedError"><![CDATA[org.opentest4j.AssertionFailedError: 
IR for program crux/stages/ir/test32.crx differs from expected output. ==> expected: <1
true
0
1
true
1
true
0
0
false> but was: <1>
	at crux.CompilerStageTests.lambda$emulateIR$7(CompilerStageTests.java:236)
]]></failure>
    <system-out><![CDATA[
---------------------
Visited Declaration List
Visited FuncDef List
Visited Statement List
Start Instr STMTLIST: crux.ir.insts.NopInst@5583029c
Cur Statement: crux.ast.Call@5b44f65c
Visited Call
Visited LiteralInt
New temp var: $t0
	Literal int value: 1
Exit LiteralInt
Called LinkInstructions(crux.ir.insts.CopyInst@1a79fc67, crux.ir.insts.CallInst@57a39a56)
	Linked crux.ir.insts.CopyInst@1a79fc67 to crux.ir.insts.CallInst@57a39a56
Call Returned: crux.ir.insts.CopyInst@1a79fc67, crux.ir.insts.CallInst@57a39a56
STMT LIST CUR PAIR: crux.ir.insts.CopyInst@1a79fc67, crux.ir.insts.CallInst@57a39a56
Current stmtlist start + end: crux.ir.insts.CopyInst@1a79fc67, crux.ir.insts.CallInst@57a39a56
Cur Statement: crux.ast.Call@2ba960e8
Visited Call
Call Returned: crux.ir.insts.CallInst@2f995878, crux.ir.insts.CallInst@2f995878
STMT LIST CUR PAIR: crux.ir.insts.CallInst@2f995878, crux.ir.insts.CallInst@2f995878
Called LinkInstructions(crux.ir.insts.CallInst@57a39a56, crux.ir.insts.CallInst@2f995878)
	Linked crux.ir.insts.CallInst@57a39a56 to crux.ir.insts.CallInst@2f995878
Current stmtlist start + end: crux.ir.insts.CopyInst@1a79fc67, crux.ir.insts.CallInst@2f995878
Cur Statement: crux.ast.Return@7a560328
Visited Return
Visited LiteralBool
CREATED LITERAL BOOL crux.ir.insts.CopyInst@31ec571e with value: true
Exit LiteralBool
Called LinkInstructions(crux.ir.insts.CopyInst@31ec571e, crux.ir.insts.ReturnInst@5122cfeb)
	Linked crux.ir.insts.CopyInst@31ec571e to crux.ir.insts.ReturnInst@5122cfeb
STMT LIST CUR PAIR: crux.ir.insts.CopyInst@31ec571e, crux.ir.insts.ReturnInst@5122cfeb
Called LinkInstructions(crux.ir.insts.CallInst@2f995878, crux.ir.insts.CopyInst@31ec571e)
	Linked crux.ir.insts.CallInst@2f995878 to crux.ir.insts.CopyInst@31ec571e
Current stmtlist start + end: crux.ir.insts.CopyInst@1a79fc67, crux.ir.insts.ReturnInst@5122cfeb
Statement List Returned: crux.ir.insts.CopyInst@1a79fc67, crux.ir.insts.ReturnInst@5122cfeb
Exit FunctionDef
Visited FuncDef List
Visited Statement List
Start Instr STMTLIST: crux.ir.insts.NopInst@349d172f
Cur Statement: crux.ast.Call@7e181dd7
Visited Call
Visited LiteralInt
New temp var: $t0
	Literal int value: 0
Exit LiteralInt
Called LinkInstructions(crux.ir.insts.CopyInst@2d9ff1ad, crux.ir.insts.CallInst@6a053e62)
	Linked crux.ir.insts.CopyInst@2d9ff1ad to crux.ir.insts.CallInst@6a053e62
Call Returned: crux.ir.insts.CopyInst@2d9ff1ad, crux.ir.insts.CallInst@6a053e62
STMT LIST CUR PAIR: crux.ir.insts.CopyInst@2d9ff1ad, crux.ir.insts.CallInst@6a053e62
Current stmtlist start + end: crux.ir.insts.CopyInst@2d9ff1ad, crux.ir.insts.CallInst@6a053e62
Cur Statement: crux.ast.Call@36fd6862
Visited Call
Call Returned: crux.ir.insts.CallInst@8353dcf, crux.ir.insts.CallInst@8353dcf
STMT LIST CUR PAIR: crux.ir.insts.CallInst@8353dcf, crux.ir.insts.CallInst@8353dcf
Called LinkInstructions(crux.ir.insts.CallInst@6a053e62, crux.ir.insts.CallInst@8353dcf)
	Linked crux.ir.insts.CallInst@6a053e62 to crux.ir.insts.CallInst@8353dcf
Current stmtlist start + end: crux.ir.insts.CopyInst@2d9ff1ad, crux.ir.insts.CallInst@8353dcf
Cur Statement: crux.ast.Return@5af5b7fd
Visited Return
Visited LiteralBool
CREATED LITERAL BOOL crux.ir.insts.CopyInst@19c074ef with value: false
Exit LiteralBool
Called LinkInstructions(crux.ir.insts.CopyInst@19c074ef, crux.ir.insts.ReturnInst@44a3b1cd)
	Linked crux.ir.insts.CopyInst@19c074ef to crux.ir.insts.ReturnInst@44a3b1cd
STMT LIST CUR PAIR: crux.ir.insts.CopyInst@19c074ef, crux.ir.insts.ReturnInst@44a3b1cd
Called LinkInstructions(crux.ir.insts.CallInst@8353dcf, crux.ir.insts.CopyInst@19c074ef)
	Linked crux.ir.insts.CallInst@8353dcf to crux.ir.insts.CopyInst@19c074ef
Current stmtlist start + end: crux.ir.insts.CopyInst@2d9ff1ad, crux.ir.insts.ReturnInst@44a3b1cd
Statement List Returned: crux.ir.insts.CopyInst@2d9ff1ad, crux.ir.insts.ReturnInst@44a3b1cd
Exit FunctionDef
Visited FuncDef List
Visited Statement List
Start Instr STMTLIST: crux.ir.insts.NopInst@65d937d3
Cur Statement: crux.ast.Call@12e42eca
Visited Call
Visited OpExpr
	VISITING LEFT!: crux.ast.Call@8994775
Visited Call
Call Returned: crux.ir.insts.CallInst@516db272, crux.ir.insts.CallInst@516db272
		LEFT PAIR: crux.ir.insts.CallInst@516db272, crux.ir.insts.CallInst@516db272, $t0
	VISITING RIGHT!: crux.ast.Call@7da66023
Visited Call
Call Returned: crux.ir.insts.CallInst@4e078323, crux.ir.insts.CallInst@4e078323
	OP: ||
OpExpr Returned: crux.ir.insts.CallInst@516db272, crux.ir.insts.CallInst@4e078323
Called LinkInstructions(crux.ir.insts.CallInst@4e078323, crux.ir.insts.CallInst@c67c779)
	Linked crux.ir.insts.CallInst@4e078323 to crux.ir.insts.CallInst@c67c779
Call Returned: crux.ir.insts.CallInst@516db272, crux.ir.insts.CallInst@c67c779
STMT LIST CUR PAIR: crux.ir.insts.CallInst@516db272, crux.ir.insts.CallInst@c67c779
Current stmtlist start + end: crux.ir.insts.CallInst@516db272, crux.ir.insts.CallInst@c67c779
Cur Statement: crux.ast.Call@30250aa5
Visited Call
Call Returned: crux.ir.insts.CallInst@7eccd3fa, crux.ir.insts.CallInst@7eccd3fa
STMT LIST CUR PAIR: crux.ir.insts.CallInst@7eccd3fa, crux.ir.insts.CallInst@7eccd3fa
Called LinkInstructions(crux.ir.insts.CallInst@c67c779, crux.ir.insts.CallInst@7eccd3fa)
	Linked crux.ir.insts.CallInst@c67c779 to crux.ir.insts.CallInst@7eccd3fa
Current stmtlist start + end: crux.ir.insts.CallInst@516db272, crux.ir.insts.CallInst@7eccd3fa
Cur Statement: crux.ast.Call@ca0599b
Visited Call
Visited OpExpr
	VISITING LEFT!: crux.ast.Call@3e4e0b79
Visited Call
Call Returned: crux.ir.insts.CallInst@26264e37, crux.ir.insts.CallInst@26264e37
		LEFT PAIR: crux.ir.insts.CallInst@26264e37, crux.ir.insts.CallInst@26264e37, $t3
	VISITING RIGHT!: crux.ast.Call@3e6d0a0a
Visited Call
Call Returned: crux.ir.insts.CallInst@300ff0dd, crux.ir.insts.CallInst@300ff0dd
	OP: ||
OpExpr Returned: crux.ir.insts.CallInst@26264e37, crux.ir.insts.CallInst@300ff0dd
Called LinkInstructions(crux.ir.insts.CallInst@300ff0dd, crux.ir.insts.CallInst@7ed43066)
	Linked crux.ir.insts.CallInst@300ff0dd to crux.ir.insts.CallInst@7ed43066
Call Returned: crux.ir.insts.CallInst@26264e37, crux.ir.insts.CallInst@7ed43066
STMT LIST CUR PAIR: crux.ir.insts.CallInst@26264e37, crux.ir.insts.CallInst@7ed43066
Called LinkInstructions(crux.ir.insts.CallInst@7eccd3fa, crux.ir.insts.CallInst@26264e37)
	Linked crux.ir.insts.CallInst@7eccd3fa to crux.ir.insts.CallInst@26264e37
Current stmtlist start + end: crux.ir.insts.CallInst@516db272, crux.ir.insts.CallInst@7ed43066
Cur Statement: crux.ast.Call@6a179e7d
Visited Call
Call Returned: crux.ir.insts.CallInst@3cfce46f, crux.ir.insts.CallInst@3cfce46f
STMT LIST CUR PAIR: crux.ir.insts.CallInst@3cfce46f, crux.ir.insts.CallInst@3cfce46f
Called LinkInstructions(crux.ir.insts.CallInst@7ed43066, crux.ir.insts.CallInst@3cfce46f)
	Linked crux.ir.insts.CallInst@7ed43066 to crux.ir.insts.CallInst@3cfce46f
Current stmtlist start + end: crux.ir.insts.CallInst@516db272, crux.ir.insts.CallInst@3cfce46f
Cur Statement: crux.ast.Call@73ba7235
Visited Call
Visited OpExpr
	VISITING LEFT!: crux.ast.Call@2c323b24
Visited Call
Call Returned: crux.ir.insts.CallInst@7a80aca9, crux.ir.insts.CallInst@7a80aca9
		LEFT PAIR: crux.ir.insts.CallInst@7a80aca9, crux.ir.insts.CallInst@7a80aca9, $t6
	VISITING RIGHT!: crux.ast.Call@2184e00a
Visited Call
Call Returned: crux.ir.insts.CallInst@18f05d5, crux.ir.insts.CallInst@18f05d5
	OP: ||
OpExpr Returned: crux.ir.insts.CallInst@7a80aca9, crux.ir.insts.CallInst@18f05d5
Called LinkInstructions(crux.ir.insts.CallInst@18f05d5, crux.ir.insts.CallInst@3cd9e5db)
	Linked crux.ir.insts.CallInst@18f05d5 to crux.ir.insts.CallInst@3cd9e5db
Call Returned: crux.ir.insts.CallInst@7a80aca9, crux.ir.insts.CallInst@3cd9e5db
STMT LIST CUR PAIR: crux.ir.insts.CallInst@7a80aca9, crux.ir.insts.CallInst@3cd9e5db
Called LinkInstructions(crux.ir.insts.CallInst@3cfce46f, crux.ir.insts.CallInst@7a80aca9)
	Linked crux.ir.insts.CallInst@3cfce46f to crux.ir.insts.CallInst@7a80aca9
Current stmtlist start + end: crux.ir.insts.CallInst@516db272, crux.ir.insts.CallInst@3cd9e5db
Cur Statement: crux.ast.Call@4343e30d
Visited Call
Call Returned: crux.ir.insts.CallInst@4541dfdf, crux.ir.insts.CallInst@4541dfdf
STMT LIST CUR PAIR: crux.ir.insts.CallInst@4541dfdf, crux.ir.insts.CallInst@4541dfdf
Called LinkInstructions(crux.ir.insts.CallInst@3cd9e5db, crux.ir.insts.CallInst@4541dfdf)
	Linked crux.ir.insts.CallInst@3cd9e5db to crux.ir.insts.CallInst@4541dfdf
Current stmtlist start + end: crux.ir.insts.CallInst@516db272, crux.ir.insts.CallInst@4541dfdf
Cur Statement: crux.ast.Call@3c19cb0f
Visited Call
Visited OpExpr
	VISITING LEFT!: crux.ast.Call@4f1d066a
Visited Call
Call Returned: crux.ir.insts.CallInst@131acf0f, crux.ir.insts.CallInst@131acf0f
		LEFT PAIR: crux.ir.insts.CallInst@131acf0f, crux.ir.insts.CallInst@131acf0f, $t9
	VISITING RIGHT!: crux.ast.Call@586e4594
Visited Call
Call Returned: crux.ir.insts.CallInst@2addbc25, crux.ir.insts.CallInst@2addbc25
	OP: ||
OpExpr Returned: crux.ir.insts.CallInst@131acf0f, crux.ir.insts.CallInst@2addbc25
Called LinkInstructions(crux.ir.insts.CallInst@2addbc25, crux.ir.insts.CallInst@dd4d142)
	Linked crux.ir.insts.CallInst@2addbc25 to crux.ir.insts.CallInst@dd4d142
Call Returned: crux.ir.insts.CallInst@131acf0f, crux.ir.insts.CallInst@dd4d142
STMT LIST CUR PAIR: crux.ir.insts.CallInst@131acf0f, crux.ir.insts.CallInst@dd4d142
Called LinkInstructions(crux.ir.insts.CallInst@4541dfdf, crux.ir.insts.CallInst@131acf0f)
	Linked crux.ir.insts.CallInst@4541dfdf to crux.ir.insts.CallInst@131acf0f
Current stmtlist start + end: crux.ir.insts.CallInst@516db272, crux.ir.insts.CallInst@dd4d142
Cur Statement: crux.ast.Call@48f31540
Visited Call
Call Returned: crux.ir.insts.CallInst@629bab2f, crux.ir.insts.CallInst@629bab2f
STMT LIST CUR PAIR: crux.ir.insts.CallInst@629bab2f, crux.ir.insts.CallInst@629bab2f
Called LinkInstructions(crux.ir.insts.CallInst@dd4d142, crux.ir.insts.CallInst@629bab2f)
	Linked crux.ir.insts.CallInst@dd4d142 to crux.ir.insts.CallInst@629bab2f
Current stmtlist start + end: crux.ir.insts.CallInst@516db272, crux.ir.insts.CallInst@629bab2f
Statement List Returned: crux.ir.insts.CallInst@516db272, crux.ir.insts.CallInst@629bab2f
Exit FunctionDef
Exited decl list
Enter CallInst
HERE
HERE2
HERE5
Exit CallInst with: crux.ir.insts.CallInst@516db272
Enter CopyInst with crux.ir.insts.CopyInst@1a79fc67
Exited CopyInst: crux.ir.insts.CopyInst@1a79fc67
Enter CallInst
HERE
HERE2
Exit CallInst with: crux.ir.insts.CallInst@57a39a56
Enter CallInst
HERE
HERE2
Exit CallInst with: crux.ir.insts.CallInst@2f995878
Enter CopyInst with crux.ir.insts.CopyInst@31ec571e
Exited CopyInst: crux.ir.insts.CopyInst@31ec571e
Enter ReturnInst
Exit ReturnInst with: crux.ir.insts.ReturnInst@5122cfeb
]]></system-out>
  </testcase>
  <testcase name="emulateIR" classname="crux.CompilerStageTests" time="0.015">
    <failure type="org.opentest4j.AssertionFailedError"><![CDATA[org.opentest4j.AssertionFailedError: 
IR for program crux/stages/ir/test33.crx differs from expected output. ==> expected: <1
1
true
0
false
1
0
false
0
false> but was: <1>
	at crux.CompilerStageTests.lambda$emulateIR$7(CompilerStageTests.java:236)
]]></failure>
    <system-out><![CDATA[
---------------------
Visited Declaration List
Visited FuncDef List
Visited Statement List
Start Instr STMTLIST: crux.ir.insts.NopInst@4b764c7e
Cur Statement: crux.ast.Call@45b1bb60
Visited Call
Visited LiteralInt
New temp var: $t0
	Literal int value: 1
Exit LiteralInt
Called LinkInstructions(crux.ir.insts.CopyInst@48cb15b, crux.ir.insts.CallInst@7d600808)
	Linked crux.ir.insts.CopyInst@48cb15b to crux.ir.insts.CallInst@7d600808
Call Returned: crux.ir.insts.CopyInst@48cb15b, crux.ir.insts.CallInst@7d600808
STMT LIST CUR PAIR: crux.ir.insts.CopyInst@48cb15b, crux.ir.insts.CallInst@7d600808
Current stmtlist start + end: crux.ir.insts.CopyInst@48cb15b, crux.ir.insts.CallInst@7d600808
Cur Statement: crux.ast.Call@3542d67f
Visited Call
Call Returned: crux.ir.insts.CallInst@544318e, crux.ir.insts.CallInst@544318e
STMT LIST CUR PAIR: crux.ir.insts.CallInst@544318e, crux.ir.insts.CallInst@544318e
Called LinkInstructions(crux.ir.insts.CallInst@7d600808, crux.ir.insts.CallInst@544318e)
	Linked crux.ir.insts.CallInst@7d600808 to crux.ir.insts.CallInst@544318e
Current stmtlist start + end: crux.ir.insts.CopyInst@48cb15b, crux.ir.insts.CallInst@544318e
Cur Statement: crux.ast.Return@64a34e14
Visited Return
Visited LiteralBool
CREATED LITERAL BOOL crux.ir.insts.CopyInst@19fe2ac0 with value: true
Exit LiteralBool
Called LinkInstructions(crux.ir.insts.CopyInst@19fe2ac0, crux.ir.insts.ReturnInst@3a2cf6ae)
	Linked crux.ir.insts.CopyInst@19fe2ac0 to crux.ir.insts.ReturnInst@3a2cf6ae
STMT LIST CUR PAIR: crux.ir.insts.CopyInst@19fe2ac0, crux.ir.insts.ReturnInst@3a2cf6ae
Called LinkInstructions(crux.ir.insts.CallInst@544318e, crux.ir.insts.CopyInst@19fe2ac0)
	Linked crux.ir.insts.CallInst@544318e to crux.ir.insts.CopyInst@19fe2ac0
Current stmtlist start + end: crux.ir.insts.CopyInst@48cb15b, crux.ir.insts.ReturnInst@3a2cf6ae
Statement List Returned: crux.ir.insts.CopyInst@48cb15b, crux.ir.insts.ReturnInst@3a2cf6ae
Exit FunctionDef
Visited FuncDef List
Visited Statement List
Start Instr STMTLIST: crux.ir.insts.NopInst@1e407824
Cur Statement: crux.ast.Call@60ed5616
Visited Call
Visited LiteralInt
New temp var: $t0
	Literal int value: 0
Exit LiteralInt
Called LinkInstructions(crux.ir.insts.CopyInst@8adc8e1, crux.ir.insts.CallInst@5569d6dc)
	Linked crux.ir.insts.CopyInst@8adc8e1 to crux.ir.insts.CallInst@5569d6dc
Call Returned: crux.ir.insts.CopyInst@8adc8e1, crux.ir.insts.CallInst@5569d6dc
STMT LIST CUR PAIR: crux.ir.insts.CopyInst@8adc8e1, crux.ir.insts.CallInst@5569d6dc
Current stmtlist start + end: crux.ir.insts.CopyInst@8adc8e1, crux.ir.insts.CallInst@5569d6dc
Cur Statement: crux.ast.Call@4875050d
Visited Call
Call Returned: crux.ir.insts.CallInst@42a2a7f3, crux.ir.insts.CallInst@42a2a7f3
STMT LIST CUR PAIR: crux.ir.insts.CallInst@42a2a7f3, crux.ir.insts.CallInst@42a2a7f3
Called LinkInstructions(crux.ir.insts.CallInst@5569d6dc, crux.ir.insts.CallInst@42a2a7f3)
	Linked crux.ir.insts.CallInst@5569d6dc to crux.ir.insts.CallInst@42a2a7f3
Current stmtlist start + end: crux.ir.insts.CopyInst@8adc8e1, crux.ir.insts.CallInst@42a2a7f3
Cur Statement: crux.ast.Return@242e8586
Visited Return
Visited LiteralBool
CREATED LITERAL BOOL crux.ir.insts.CopyInst@3fea68e9 with value: false
Exit LiteralBool
Called LinkInstructions(crux.ir.insts.CopyInst@3fea68e9, crux.ir.insts.ReturnInst@5fd75f74)
	Linked crux.ir.insts.CopyInst@3fea68e9 to crux.ir.insts.ReturnInst@5fd75f74
STMT LIST CUR PAIR: crux.ir.insts.CopyInst@3fea68e9, crux.ir.insts.ReturnInst@5fd75f74
Called LinkInstructions(crux.ir.insts.CallInst@42a2a7f3, crux.ir.insts.CopyInst@3fea68e9)
	Linked crux.ir.insts.CallInst@42a2a7f3 to crux.ir.insts.CopyInst@3fea68e9
Current stmtlist start + end: crux.ir.insts.CopyInst@8adc8e1, crux.ir.insts.ReturnInst@5fd75f74
Statement List Returned: crux.ir.insts.CopyInst@8adc8e1, crux.ir.insts.ReturnInst@5fd75f74
Exit FunctionDef
Visited FuncDef List
Visited Statement List
Start Instr STMTLIST: crux.ir.insts.NopInst@81df642
Cur Statement: crux.ast.Call@584f4072
Visited Call
Visited OpExpr
	VISITING LEFT!: crux.ast.Call@348ec6b2
Visited Call
Call Returned: crux.ir.insts.CallInst@514713a8, crux.ir.insts.CallInst@514713a8
		LEFT PAIR: crux.ir.insts.CallInst@514713a8, crux.ir.insts.CallInst@514713a8, $t0
	VISITING RIGHT!: crux.ast.Call@360f4024
Visited Call
Call Returned: crux.ir.insts.CallInst@1461da47, crux.ir.insts.CallInst@1461da47
	OP: &&
OpExpr Returned: crux.ir.insts.CallInst@514713a8, crux.ir.insts.CallInst@1461da47
Called LinkInstructions(crux.ir.insts.CallInst@1461da47, crux.ir.insts.CallInst@5698352f)
	Linked crux.ir.insts.CallInst@1461da47 to crux.ir.insts.CallInst@5698352f
Call Returned: crux.ir.insts.CallInst@514713a8, crux.ir.insts.CallInst@5698352f
STMT LIST CUR PAIR: crux.ir.insts.CallInst@514713a8, crux.ir.insts.CallInst@5698352f
Current stmtlist start + end: crux.ir.insts.CallInst@514713a8, crux.ir.insts.CallInst@5698352f
Cur Statement: crux.ast.Call@3fabb607
Visited Call
Call Returned: crux.ir.insts.CallInst@73e9cfb6, crux.ir.insts.CallInst@73e9cfb6
STMT LIST CUR PAIR: crux.ir.insts.CallInst@73e9cfb6, crux.ir.insts.CallInst@73e9cfb6
Called LinkInstructions(crux.ir.insts.CallInst@5698352f, crux.ir.insts.CallInst@73e9cfb6)
	Linked crux.ir.insts.CallInst@5698352f to crux.ir.insts.CallInst@73e9cfb6
Current stmtlist start + end: crux.ir.insts.CallInst@514713a8, crux.ir.insts.CallInst@73e9cfb6
Cur Statement: crux.ast.Call@6940806e
Visited Call
Visited OpExpr
	VISITING LEFT!: crux.ast.Call@7ee6e124
Visited Call
Call Returned: crux.ir.insts.CallInst@1c1f7b71, crux.ir.insts.CallInst@1c1f7b71
		LEFT PAIR: crux.ir.insts.CallInst@1c1f7b71, crux.ir.insts.CallInst@1c1f7b71, $t3
	VISITING RIGHT!: crux.ast.Call@2136833b
Visited Call
Call Returned: crux.ir.insts.CallInst@4c983483, crux.ir.insts.CallInst@4c983483
	OP: &&
OpExpr Returned: crux.ir.insts.CallInst@1c1f7b71, crux.ir.insts.CallInst@4c983483
Called LinkInstructions(crux.ir.insts.CallInst@4c983483, crux.ir.insts.CallInst@53e03f5)
	Linked crux.ir.insts.CallInst@4c983483 to crux.ir.insts.CallInst@53e03f5
Call Returned: crux.ir.insts.CallInst@1c1f7b71, crux.ir.insts.CallInst@53e03f5
STMT LIST CUR PAIR: crux.ir.insts.CallInst@1c1f7b71, crux.ir.insts.CallInst@53e03f5
Called LinkInstructions(crux.ir.insts.CallInst@73e9cfb6, crux.ir.insts.CallInst@1c1f7b71)
	Linked crux.ir.insts.CallInst@73e9cfb6 to crux.ir.insts.CallInst@1c1f7b71
Current stmtlist start + end: crux.ir.insts.CallInst@514713a8, crux.ir.insts.CallInst@53e03f5
Cur Statement: crux.ast.Call@629d24d0
Visited Call
Call Returned: crux.ir.insts.CallInst@77274ce3, crux.ir.insts.CallInst@77274ce3
STMT LIST CUR PAIR: crux.ir.insts.CallInst@77274ce3, crux.ir.insts.CallInst@77274ce3
Called LinkInstructions(crux.ir.insts.CallInst@53e03f5, crux.ir.insts.CallInst@77274ce3)
	Linked crux.ir.insts.CallInst@53e03f5 to crux.ir.insts.CallInst@77274ce3
Current stmtlist start + end: crux.ir.insts.CallInst@514713a8, crux.ir.insts.CallInst@77274ce3
Cur Statement: crux.ast.Call@7a1652a8
Visited Call
Visited OpExpr
	VISITING LEFT!: crux.ast.Call@f42d7b4
Visited Call
Call Returned: crux.ir.insts.CallInst@4f2c928, crux.ir.insts.CallInst@4f2c928
		LEFT PAIR: crux.ir.insts.CallInst@4f2c928, crux.ir.insts.CallInst@4f2c928, $t6
	VISITING RIGHT!: crux.ast.Call@49ffdd01
Visited Call
Call Returned: crux.ir.insts.CallInst@1b44584, crux.ir.insts.CallInst@1b44584
	OP: &&
OpExpr Returned: crux.ir.insts.CallInst@4f2c928, crux.ir.insts.CallInst@1b44584
Called LinkInstructions(crux.ir.insts.CallInst@1b44584, crux.ir.insts.CallInst@1852dd71)
	Linked crux.ir.insts.CallInst@1b44584 to crux.ir.insts.CallInst@1852dd71
Call Returned: crux.ir.insts.CallInst@4f2c928, crux.ir.insts.CallInst@1852dd71
STMT LIST CUR PAIR: crux.ir.insts.CallInst@4f2c928, crux.ir.insts.CallInst@1852dd71
Called LinkInstructions(crux.ir.insts.CallInst@77274ce3, crux.ir.insts.CallInst@4f2c928)
	Linked crux.ir.insts.CallInst@77274ce3 to crux.ir.insts.CallInst@4f2c928
Current stmtlist start + end: crux.ir.insts.CallInst@514713a8, crux.ir.insts.CallInst@1852dd71
Cur Statement: crux.ast.Call@a7bfcda
Visited Call
Call Returned: crux.ir.insts.CallInst@3ddb3f41, crux.ir.insts.CallInst@3ddb3f41
STMT LIST CUR PAIR: crux.ir.insts.CallInst@3ddb3f41, crux.ir.insts.CallInst@3ddb3f41
Called LinkInstructions(crux.ir.insts.CallInst@1852dd71, crux.ir.insts.CallInst@3ddb3f41)
	Linked crux.ir.insts.CallInst@1852dd71 to crux.ir.insts.CallInst@3ddb3f41
Current stmtlist start + end: crux.ir.insts.CallInst@514713a8, crux.ir.insts.CallInst@3ddb3f41
Cur Statement: crux.ast.Call@1e60d51b
Visited Call
Visited OpExpr
	VISITING LEFT!: crux.ast.Call@10d72af3
Visited Call
Call Returned: crux.ir.insts.CallInst@459f891f, crux.ir.insts.CallInst@459f891f
		LEFT PAIR: crux.ir.insts.CallInst@459f891f, crux.ir.insts.CallInst@459f891f, $t9
	VISITING RIGHT!: crux.ast.Call@21da97da
Visited Call
Call Returned: crux.ir.insts.CallInst@398a56f7, crux.ir.insts.CallInst@398a56f7
	OP: &&
OpExpr Returned: crux.ir.insts.CallInst@459f891f, crux.ir.insts.CallInst@398a56f7
Called LinkInstructions(crux.ir.insts.CallInst@398a56f7, crux.ir.insts.CallInst@10237387)
	Linked crux.ir.insts.CallInst@398a56f7 to crux.ir.insts.CallInst@10237387
Call Returned: crux.ir.insts.CallInst@459f891f, crux.ir.insts.CallInst@10237387
STMT LIST CUR PAIR: crux.ir.insts.CallInst@459f891f, crux.ir.insts.CallInst@10237387
Called LinkInstructions(crux.ir.insts.CallInst@3ddb3f41, crux.ir.insts.CallInst@459f891f)
	Linked crux.ir.insts.CallInst@3ddb3f41 to crux.ir.insts.CallInst@459f891f
Current stmtlist start + end: crux.ir.insts.CallInst@514713a8, crux.ir.insts.CallInst@10237387
Cur Statement: crux.ast.Call@294dc7ed
Visited Call
Call Returned: crux.ir.insts.CallInst@5cdce159, crux.ir.insts.CallInst@5cdce159
STMT LIST CUR PAIR: crux.ir.insts.CallInst@5cdce159, crux.ir.insts.CallInst@5cdce159
Called LinkInstructions(crux.ir.insts.CallInst@10237387, crux.ir.insts.CallInst@5cdce159)
	Linked crux.ir.insts.CallInst@10237387 to crux.ir.insts.CallInst@5cdce159
Current stmtlist start + end: crux.ir.insts.CallInst@514713a8, crux.ir.insts.CallInst@5cdce159
Statement List Returned: crux.ir.insts.CallInst@514713a8, crux.ir.insts.CallInst@5cdce159
Exit FunctionDef
Exited decl list
Enter CallInst
HERE
HERE2
HERE5
Exit CallInst with: crux.ir.insts.CallInst@514713a8
Enter CopyInst with crux.ir.insts.CopyInst@48cb15b
Exited CopyInst: crux.ir.insts.CopyInst@48cb15b
Enter CallInst
HERE
HERE2
Exit CallInst with: crux.ir.insts.CallInst@7d600808
Enter CallInst
HERE
HERE2
Exit CallInst with: crux.ir.insts.CallInst@544318e
Enter CopyInst with crux.ir.insts.CopyInst@19fe2ac0
Exited CopyInst: crux.ir.insts.CopyInst@19fe2ac0
Enter ReturnInst
Exit ReturnInst with: crux.ir.insts.ReturnInst@3a2cf6ae
]]></system-out>
  </testcase>
  <testcase name="emulateIR" classname="crux.CompilerStageTests" time="0.046"/>
  <testcase name="emulateIR" classname="crux.CompilerStageTests" time="0.021"/>
  <testcase name="emulateIR" classname="crux.CompilerStageTests" time="0.051"/>
  <testcase name="emulateIR" classname="crux.CompilerStageTests" time="0.029"/>
  <testcase name="emulateIR" classname="crux.CompilerStageTests" time="0.053">
    <failure type="org.opentest4j.AssertionFailedError"><![CDATA[org.opentest4j.AssertionFailedError: 
IR for program crux/stages/ir/test38.crx differs from expected output. ==> expected: <true
true
true
false
true
false
true
false
true
true
true
false
false
false
true
true
true
true
true> but was: <>
	at crux.CompilerStageTests.lambda$emulateIR$7(CompilerStageTests.java:236)
]]></failure>
    <system-out><![CDATA[
---------------------
Visited Declaration List
Visited FuncDef List
Visited Statement List
Start Instr STMTLIST: crux.ir.insts.NopInst@160c7224
Cur Statement: crux.ast.Call@18cb8e95
Visited Call
Visited OpExpr
	VISITING LEFT!: crux.ast.OpExpr@1cf41954
Visited OpExpr
	VISITING LEFT!: crux.ast.LiteralInt@59f684ae
Visited LiteralInt
New temp var: $t0
	Literal int value: 3
Exit LiteralInt
		LEFT PAIR: crux.ir.insts.CopyInst@6865dcd6, crux.ir.insts.CopyInst@6865dcd6, $t0
	VISITING RIGHT!: crux.ast.LiteralInt@54675637
Visited LiteralInt
New temp var: $t1
	Literal int value: 5
Exit LiteralInt
	OP: <
Making compareInst --> $t0, $t1
Called LinkInstructions(crux.ir.insts.CopyInst@6865dcd6, crux.ir.insts.CopyInst@39d97be1)
	Linked crux.ir.insts.CopyInst@6865dcd6 to crux.ir.insts.CopyInst@39d97be1
Called LinkInstructions(crux.ir.insts.CopyInst@39d97be1, crux.ir.insts.CompareInst@671e855c)
	Linked crux.ir.insts.CopyInst@39d97be1 to crux.ir.insts.CompareInst@671e855c
OpExpr Returned: crux.ir.insts.CopyInst@6865dcd6, crux.ir.insts.CompareInst@671e855c
		LEFT PAIR: crux.ir.insts.CopyInst@6865dcd6, crux.ir.insts.CompareInst@671e855c, $t2
	VISITING RIGHT!: crux.ast.OpExpr@21db6605
Visited OpExpr
	VISITING LEFT!: crux.ast.LiteralInt@4f635ae7
Visited LiteralInt
New temp var: $t3
	Literal int value: 4
Exit LiteralInt
		LEFT PAIR: crux.ir.insts.CopyInst@3d972699, crux.ir.insts.CopyInst@3d972699, $t3
	VISITING RIGHT!: crux.ast.LiteralInt@2e306012
Visited LiteralInt
New temp var: $t4
	Literal int value: 2
Exit LiteralInt
	OP: >
Making compareInst --> $t3, $t4
Called LinkInstructions(crux.ir.insts.CopyInst@3d972699, crux.ir.insts.CopyInst@5421c09f)
	Linked crux.ir.insts.CopyInst@3d972699 to crux.ir.insts.CopyInst@5421c09f
Called LinkInstructions(crux.ir.insts.CopyInst@5421c09f, crux.ir.insts.CompareInst@1c00c9e)
	Linked crux.ir.insts.CopyInst@5421c09f to crux.ir.insts.CompareInst@1c00c9e
OpExpr Returned: crux.ir.insts.CopyInst@3d972699, crux.ir.insts.CompareInst@1c00c9e
	OP: &&
OpExpr Returned: crux.ir.insts.CopyInst@6865dcd6, crux.ir.insts.CompareInst@1c00c9e
Called LinkInstructions(crux.ir.insts.CompareInst@1c00c9e, crux.ir.insts.CallInst@56751d1)
	Linked crux.ir.insts.CompareInst@1c00c9e to crux.ir.insts.CallInst@56751d1
Call Returned: crux.ir.insts.CopyInst@6865dcd6, crux.ir.insts.CallInst@56751d1
STMT LIST CUR PAIR: crux.ir.insts.CopyInst@6865dcd6, crux.ir.insts.CallInst@56751d1
Current stmtlist start + end: crux.ir.insts.CopyInst@6865dcd6, crux.ir.insts.CallInst@56751d1
Cur Statement: crux.ast.Call@28fa819f
Visited Call
Call Returned: crux.ir.insts.CallInst@72059927, crux.ir.insts.CallInst@72059927
STMT LIST CUR PAIR: crux.ir.insts.CallInst@72059927, crux.ir.insts.CallInst@72059927
Called LinkInstructions(crux.ir.insts.CallInst@56751d1, crux.ir.insts.CallInst@72059927)
	Linked crux.ir.insts.CallInst@56751d1 to crux.ir.insts.CallInst@72059927
Current stmtlist start + end: crux.ir.insts.CopyInst@6865dcd6, crux.ir.insts.CallInst@72059927
Cur Statement: crux.ast.Call@7320df05
Visited Call
Visited OpExpr
	VISITING LEFT!: crux.ast.OpExpr@4c76e169
Visited OpExpr
	VISITING LEFT!: crux.ast.OpExpr@307c7701
Visited OpExpr
	VISITING LEFT!: crux.ast.LiteralInt@6e6e1c88
Visited LiteralInt
New temp var: $t7
	Literal int value: 3
Exit LiteralInt
		LEFT PAIR: crux.ir.insts.CopyInst@1bc32eb7, crux.ir.insts.CopyInst@1bc32eb7, $t7
	VISITING RIGHT!: crux.ast.LiteralInt@60c5e90f
Visited LiteralInt
New temp var: $t8
	Literal int value: 5
Exit LiteralInt
	OP: <
Making compareInst --> $t7, $t8
Called LinkInstructions(crux.ir.insts.CopyInst@1bc32eb7, crux.ir.insts.CopyInst@33d24e69)
	Linked crux.ir.insts.CopyInst@1bc32eb7 to crux.ir.insts.CopyInst@33d24e69
Called LinkInstructions(crux.ir.insts.CopyInst@33d24e69, crux.ir.insts.CompareInst@2dc69ec7)
	Linked crux.ir.insts.CopyInst@33d24e69 to crux.ir.insts.CompareInst@2dc69ec7
OpExpr Returned: crux.ir.insts.CopyInst@1bc32eb7, crux.ir.insts.CompareInst@2dc69ec7
		LEFT PAIR: crux.ir.insts.CopyInst@1bc32eb7, crux.ir.insts.CompareInst@2dc69ec7, $t9
	VISITING RIGHT!: crux.ast.OpExpr@2ff2ab5e
Visited OpExpr
	VISITING LEFT!: crux.ast.LiteralInt@60b0b23e
Visited LiteralInt
New temp var: $t10
	Literal int value: 2
Exit LiteralInt
		LEFT PAIR: crux.ir.insts.CopyInst@41b00947, crux.ir.insts.CopyInst@41b00947, $t10
	VISITING RIGHT!: crux.ast.LiteralInt@58199710
Visited LiteralInt
New temp var: $t11
	Literal int value: 1
Exit LiteralInt
	OP: <
Making compareInst --> $t10, $t11
Called LinkInstructions(crux.ir.insts.CopyInst@41b00947, crux.ir.insts.CopyInst@620b7f16)
	Linked crux.ir.insts.CopyInst@41b00947 to crux.ir.insts.CopyInst@620b7f16
Called LinkInstructions(crux.ir.insts.CopyInst@620b7f16, crux.ir.insts.CompareInst@74f102b)
	Linked crux.ir.insts.CopyInst@620b7f16 to crux.ir.insts.CompareInst@74f102b
OpExpr Returned: crux.ir.insts.CopyInst@41b00947, crux.ir.insts.CompareInst@74f102b
	OP: &&
OpExpr Returned: crux.ir.insts.CopyInst@1bc32eb7, crux.ir.insts.CompareInst@74f102b
		LEFT PAIR: crux.ir.insts.CopyInst@1bc32eb7, crux.ir.insts.CompareInst@74f102b, $t13
	VISITING RIGHT!: crux.ast.OpExpr@4674dbb4
Visited OpExpr
	VISITING LEFT!: crux.ast.LiteralInt@52c1757d
Visited LiteralInt
New temp var: $t14
	Literal int value: 1
Exit LiteralInt
		LEFT PAIR: crux.ir.insts.CopyInst@6b0b53fc, crux.ir.insts.CopyInst@6b0b53fc, $t14
	VISITING RIGHT!: crux.ast.LiteralInt@14bac8fe
Visited LiteralInt
New temp var: $t15
	Literal int value: 2
Exit LiteralInt
	OP: <
Making compareInst --> $t14, $t15
Called LinkInstructions(crux.ir.insts.CopyInst@6b0b53fc, crux.ir.insts.CopyInst@747308a6)
	Linked crux.ir.insts.CopyInst@6b0b53fc to crux.ir.insts.CopyInst@747308a6
Called LinkInstructions(crux.ir.insts.CopyInst@747308a6, crux.ir.insts.CompareInst@2dc0e1c8)
	Linked crux.ir.insts.CopyInst@747308a6 to crux.ir.insts.CompareInst@2dc0e1c8
OpExpr Returned: crux.ir.insts.CopyInst@6b0b53fc, crux.ir.insts.CompareInst@2dc0e1c8
	OP: ||
OpExpr Returned: crux.ir.insts.CopyInst@1bc32eb7, crux.ir.insts.CompareInst@2dc0e1c8
Called LinkInstructions(crux.ir.insts.CompareInst@2dc0e1c8, crux.ir.insts.CallInst@1ce5c33f)
	Linked crux.ir.insts.CompareInst@2dc0e1c8 to crux.ir.insts.CallInst@1ce5c33f
Call Returned: crux.ir.insts.CopyInst@1bc32eb7, crux.ir.insts.CallInst@1ce5c33f
STMT LIST CUR PAIR: crux.ir.insts.CopyInst@1bc32eb7, crux.ir.insts.CallInst@1ce5c33f
Called LinkInstructions(crux.ir.insts.CallInst@72059927, crux.ir.insts.CopyInst@1bc32eb7)
	Linked crux.ir.insts.CallInst@72059927 to crux.ir.insts.CopyInst@1bc32eb7
Current stmtlist start + end: crux.ir.insts.CopyInst@6865dcd6, crux.ir.insts.CallInst@1ce5c33f
Cur Statement: crux.ast.Call@5e5a1565
Visited Call
Call Returned: crux.ir.insts.CallInst@32000030, crux.ir.insts.CallInst@32000030
STMT LIST CUR PAIR: crux.ir.insts.CallInst@32000030, crux.ir.insts.CallInst@32000030
Called LinkInstructions(crux.ir.insts.CallInst@1ce5c33f, crux.ir.insts.CallInst@32000030)
	Linked crux.ir.insts.CallInst@1ce5c33f to crux.ir.insts.CallInst@32000030
Current stmtlist start + end: crux.ir.insts.CopyInst@6865dcd6, crux.ir.insts.CallInst@32000030
Cur Statement: crux.ast.Call@18e47919
Visited Call
Visited OpExpr
	VISITING LEFT!: crux.ast.OpExpr@2aaaad01
Visited OpExpr
	VISITING LEFT!: crux.ast.OpExpr@2455640c
Visited OpExpr
	VISITING LEFT!: crux.ast.LiteralInt@16e6e136
Visited LiteralInt
New temp var: $t18
	Literal int value: 1
Exit LiteralInt
		LEFT PAIR: crux.ir.insts.CopyInst@2d716e42, crux.ir.insts.CopyInst@2d716e42, $t18
	VISITING RIGHT!: crux.ast.LiteralInt@52cc0c48
Visited LiteralInt
New temp var: $t19
	Literal int value: 2
Exit LiteralInt
	OP: +
Called LinkInstructions(crux.ir.insts.CopyInst@2d716e42, crux.ir.insts.CopyInst@5d367719)
	Linked crux.ir.insts.CopyInst@2d716e42 to crux.ir.insts.CopyInst@5d367719
Called LinkInstructions(crux.ir.insts.CopyInst@5d367719, crux.ir.insts.BinaryOperator@7c78d2d8)
	Linked crux.ir.insts.CopyInst@5d367719 to crux.ir.insts.BinaryOperator@7c78d2d8
OpExpr Returned: crux.ir.insts.CopyInst@2d716e42, crux.ir.insts.BinaryOperator@7c78d2d8
		LEFT PAIR: crux.ir.insts.CopyInst@2d716e42, crux.ir.insts.BinaryOperator@7c78d2d8, $t20
	VISITING RIGHT!: crux.ast.LiteralInt@5adda06b
Visited LiteralInt
New temp var: $t21
	Literal int value: 4
Exit LiteralInt
	OP: <
Making compareInst --> $t20, $t21
Called LinkInstructions(crux.ir.insts.BinaryOperator@7c78d2d8, crux.ir.insts.CopyInst@68415934)
	Linked crux.ir.insts.BinaryOperator@7c78d2d8 to crux.ir.insts.CopyInst@68415934
Called LinkInstructions(crux.ir.insts.CopyInst@68415934, crux.ir.insts.CompareInst@6a1759a)
	Linked crux.ir.insts.CopyInst@68415934 to crux.ir.insts.CompareInst@6a1759a
OpExpr Returned: crux.ir.insts.CopyInst@2d716e42, crux.ir.insts.CompareInst@6a1759a
		LEFT PAIR: crux.ir.insts.CopyInst@2d716e42, crux.ir.insts.CompareInst@6a1759a, $t22
	VISITING RIGHT!: crux.ast.OpExpr@3cf59984
Visited OpExpr
	VISITING LEFT!: crux.ast.LiteralInt@b1cb889
Visited LiteralInt
New temp var: $t23
	Literal int value: 2
Exit LiteralInt
		LEFT PAIR: crux.ir.insts.CopyInst@6976c827, crux.ir.insts.CopyInst@6976c827, $t23
	VISITING RIGHT!: crux.ast.LiteralInt@64f67d36
Visited LiteralInt
New temp var: $t24
	Literal int value: 1
Exit LiteralInt
	OP: >
Making compareInst --> $t23, $t24
Called LinkInstructions(crux.ir.insts.CopyInst@6976c827, crux.ir.insts.CopyInst@745ff195)
	Linked crux.ir.insts.CopyInst@6976c827 to crux.ir.insts.CopyInst@745ff195
Called LinkInstructions(crux.ir.insts.CopyInst@745ff195, crux.ir.insts.CompareInst@1a69c767)
	Linked crux.ir.insts.CopyInst@745ff195 to crux.ir.insts.CompareInst@1a69c767
OpExpr Returned: crux.ir.insts.CopyInst@6976c827, crux.ir.insts.CompareInst@1a69c767
	OP: &&
OpExpr Returned: crux.ir.insts.CopyInst@2d716e42, crux.ir.insts.CompareInst@1a69c767
Called LinkInstructions(crux.ir.insts.CompareInst@1a69c767, crux.ir.insts.CallInst@450103fd)
	Linked crux.ir.insts.CompareInst@1a69c767 to crux.ir.insts.CallInst@450103fd
Call Returned: crux.ir.insts.CopyInst@2d716e42, crux.ir.insts.CallInst@450103fd
STMT LIST CUR PAIR: crux.ir.insts.CopyInst@2d716e42, crux.ir.insts.CallInst@450103fd
Called LinkInstructions(crux.ir.insts.CallInst@32000030, crux.ir.insts.CopyInst@2d716e42)
	Linked crux.ir.insts.CallInst@32000030 to crux.ir.insts.CopyInst@2d716e42
Current stmtlist start + end: crux.ir.insts.CopyInst@6865dcd6, crux.ir.insts.CallInst@450103fd
Cur Statement: crux.ast.Call@12c9d9a6
Visited Call
Call Returned: crux.ir.insts.CallInst@19114133, crux.ir.insts.CallInst@19114133
STMT LIST CUR PAIR: crux.ir.insts.CallInst@19114133, crux.ir.insts.CallInst@19114133
Called LinkInstructions(crux.ir.insts.CallInst@450103fd, crux.ir.insts.CallInst@19114133)
	Linked crux.ir.insts.CallInst@450103fd to crux.ir.insts.CallInst@19114133
Current stmtlist start + end: crux.ir.insts.CopyInst@6865dcd6, crux.ir.insts.CallInst@19114133
Cur Statement: crux.ast.Call@4d17ff89
Visited Call
Visited OpExpr
	VISITING LEFT!: crux.ast.OpExpr@44133d
Visited OpExpr
	VISITING LEFT!: crux.ast.LiteralBool@5c9cee7a
Visited LiteralBool
CREATED LITERAL BOOL crux.ir.insts.CopyInst@4f972403 with value: false
Exit LiteralBool
		LEFT PAIR: crux.ir.insts.CopyInst@4f972403, crux.ir.insts.CopyInst@4f972403, $t27
	VISITING RIGHT!: crux.ast.LiteralBool@3d0e71cf
Visited LiteralBool
CREATED LITERAL BOOL crux.ir.insts.CopyInst@1d7350a8 with value: false
Exit LiteralBool
	OP: &&
OpExpr Returned: crux.ir.insts.CopyInst@4f972403, crux.ir.insts.CopyInst@1d7350a8
		LEFT PAIR: crux.ir.insts.CopyInst@4f972403, crux.ir.insts.CopyInst@1d7350a8, $t29
	VISITING RIGHT!: crux.ast.LiteralBool@26279242
Visited LiteralBool
CREATED LITERAL BOOL crux.ir.insts.CopyInst@50661db9 with value: false
Exit LiteralBool
	OP: ||
OpExpr Returned: crux.ir.insts.CopyInst@4f972403, crux.ir.insts.CopyInst@50661db9
Called LinkInstructions(crux.ir.insts.CopyInst@50661db9, crux.ir.insts.CallInst@1ea88e73)
	Linked crux.ir.insts.CopyInst@50661db9 to crux.ir.insts.CallInst@1ea88e73
Call Returned: crux.ir.insts.CopyInst@4f972403, crux.ir.insts.CallInst@1ea88e73
STMT LIST CUR PAIR: crux.ir.insts.CopyInst@4f972403, crux.ir.insts.CallInst@1ea88e73
Called LinkInstructions(crux.ir.insts.CallInst@19114133, crux.ir.insts.CopyInst@4f972403)
	Linked crux.ir.insts.CallInst@19114133 to crux.ir.insts.CopyInst@4f972403
Current stmtlist start + end: crux.ir.insts.CopyInst@6865dcd6, crux.ir.insts.CallInst@1ea88e73
Cur Statement: crux.ast.Call@19597b1e
Visited Call
Call Returned: crux.ir.insts.CallInst@3f65ff5, crux.ir.insts.CallInst@3f65ff5
STMT LIST CUR PAIR: crux.ir.insts.CallInst@3f65ff5, crux.ir.insts.CallInst@3f65ff5
Called LinkInstructions(crux.ir.insts.CallInst@1ea88e73, crux.ir.insts.CallInst@3f65ff5)
	Linked crux.ir.insts.CallInst@1ea88e73 to crux.ir.insts.CallInst@3f65ff5
Current stmtlist start + end: crux.ir.insts.CopyInst@6865dcd6, crux.ir.insts.CallInst@3f65ff5
Cur Statement: crux.ast.Call@639d11e7
Visited Call
Visited OpExpr
	VISITING LEFT!: crux.ast.OpExpr@399cd0f1
Visited OpExpr
	VISITING LEFT!: crux.ast.LiteralBool@6b4fcd57
Visited LiteralBool
CREATED LITERAL BOOL crux.ir.insts.CopyInst@5a772e3c with value: false
Exit LiteralBool
		LEFT PAIR: crux.ir.insts.CopyInst@5a772e3c, crux.ir.insts.CopyInst@5a772e3c, $t32
	VISITING RIGHT!: crux.ast.LiteralBool@51ee0ebc
Visited LiteralBool
CREATED LITERAL BOOL crux.ir.insts.CopyInst@eaa4728 with value: false
Exit LiteralBool
	OP: &&
OpExpr Returned: crux.ir.insts.CopyInst@5a772e3c, crux.ir.insts.CopyInst@eaa4728
		LEFT PAIR: crux.ir.insts.CopyInst@5a772e3c, crux.ir.insts.CopyInst@eaa4728, $t34
	VISITING RIGHT!: crux.ast.LiteralBool@1b1a16df
Visited LiteralBool
CREATED LITERAL BOOL crux.ir.insts.CopyInst@787fcd4e with value: true
Exit LiteralBool
	OP: ||
OpExpr Returned: crux.ir.insts.CopyInst@5a772e3c, crux.ir.insts.CopyInst@787fcd4e
Called LinkInstructions(crux.ir.insts.CopyInst@787fcd4e, crux.ir.insts.CallInst@59c5a713)
	Linked crux.ir.insts.CopyInst@787fcd4e to crux.ir.insts.CallInst@59c5a713
Call Returned: crux.ir.insts.CopyInst@5a772e3c, crux.ir.insts.CallInst@59c5a713
STMT LIST CUR PAIR: crux.ir.insts.CopyInst@5a772e3c, crux.ir.insts.CallInst@59c5a713
Called LinkInstructions(crux.ir.insts.CallInst@3f65ff5, crux.ir.insts.CopyInst@5a772e3c)
	Linked crux.ir.insts.CallInst@3f65ff5 to crux.ir.insts.CopyInst@5a772e3c
Current stmtlist start + end: crux.ir.insts.CopyInst@6865dcd6, crux.ir.insts.CallInst@59c5a713
Cur Statement: crux.ast.Call@50a2804
Visited Call
Call Returned: crux.ir.insts.CallInst@4eed7a94, crux.ir.insts.CallInst@4eed7a94
STMT LIST CUR PAIR: crux.ir.insts.CallInst@4eed7a94, crux.ir.insts.CallInst@4eed7a94
Called LinkInstructions(crux.ir.insts.CallInst@59c5a713, crux.ir.insts.CallInst@4eed7a94)
	Linked crux.ir.insts.CallInst@59c5a713 to crux.ir.insts.CallInst@4eed7a94
Current stmtlist start + end: crux.ir.insts.CopyInst@6865dcd6, crux.ir.insts.CallInst@4eed7a94
Cur Statement: crux.ast.Call@48fecbba
Visited Call
Visited OpExpr
	VISITING LEFT!: crux.ast.OpExpr@3cf71089
Visited OpExpr
	VISITING LEFT!: crux.ast.LiteralBool@6869551b
Visited LiteralBool
CREATED LITERAL BOOL crux.ir.insts.CopyInst@4df5ab58 with value: false
Exit LiteralBool
		LEFT PAIR: crux.ir.insts.CopyInst@4df5ab58, crux.ir.insts.CopyInst@4df5ab58, $t37
	VISITING RIGHT!: crux.ast.LiteralBool@73681a47
Visited LiteralBool
CREATED LITERAL BOOL crux.ir.insts.CopyInst@779f3ffb with value: true
Exit LiteralBool
	OP: &&
OpExpr Returned: crux.ir.insts.CopyInst@4df5ab58, crux.ir.insts.CopyInst@779f3ffb
		LEFT PAIR: crux.ir.insts.CopyInst@4df5ab58, crux.ir.insts.CopyInst@779f3ffb, $t39
	VISITING RIGHT!: crux.ast.LiteralBool@55fc6d9e
Visited LiteralBool
CREATED LITERAL BOOL crux.ir.insts.CopyInst@35b3a312 with value: false
Exit LiteralBool
	OP: ||
OpExpr Returned: crux.ir.insts.CopyInst@4df5ab58, crux.ir.insts.CopyInst@35b3a312
Called LinkInstructions(crux.ir.insts.CopyInst@35b3a312, crux.ir.insts.CallInst@63a2dc1)
	Linked crux.ir.insts.CopyInst@35b3a312 to crux.ir.insts.CallInst@63a2dc1
Call Returned: crux.ir.insts.CopyInst@4df5ab58, crux.ir.insts.CallInst@63a2dc1
STMT LIST CUR PAIR: crux.ir.insts.CopyInst@4df5ab58, crux.ir.insts.CallInst@63a2dc1
Called LinkInstructions(crux.ir.insts.CallInst@4eed7a94, crux.ir.insts.CopyInst@4df5ab58)
	Linked crux.ir.insts.CallInst@4eed7a94 to crux.ir.insts.CopyInst@4df5ab58
Current stmtlist start + end: crux.ir.insts.CopyInst@6865dcd6, crux.ir.insts.CallInst@63a2dc1
Cur Statement: crux.ast.Call@854ba1a
Visited Call
Call Returned: crux.ir.insts.CallInst@3e72a613, crux.ir.insts.CallInst@3e72a613
STMT LIST CUR PAIR: crux.ir.insts.CallInst@3e72a613, crux.ir.insts.CallInst@3e72a613
Called LinkInstructions(crux.ir.insts.CallInst@63a2dc1, crux.ir.insts.CallInst@3e72a613)
	Linked crux.ir.insts.CallInst@63a2dc1 to crux.ir.insts.CallInst@3e72a613
Current stmtlist start + end: crux.ir.insts.CopyInst@6865dcd6, crux.ir.insts.CallInst@3e72a613
Cur Statement: crux.ast.Call@16f139fc
Visited Call
Visited OpExpr
	VISITING LEFT!: crux.ast.OpExpr@41f24ac6
Visited OpExpr
	VISITING LEFT!: crux.ast.LiteralBool@6c5bac88
Visited LiteralBool
CREATED LITERAL BOOL crux.ir.insts.CopyInst@47b2dd2e with value: false
Exit LiteralBool
		LEFT PAIR: crux.ir.insts.CopyInst@47b2dd2e, crux.ir.insts.CopyInst@47b2dd2e, $t42
	VISITING RIGHT!: crux.ast.LiteralBool@581322fd
Visited LiteralBool
CREATED LITERAL BOOL crux.ir.insts.CopyInst@b64f743 with value: true
Exit LiteralBool
	OP: &&
OpExpr Returned: crux.ir.insts.CopyInst@47b2dd2e, crux.ir.insts.CopyInst@b64f743
		LEFT PAIR: crux.ir.insts.CopyInst@47b2dd2e, crux.ir.insts.CopyInst@b64f743, $t44
	VISITING RIGHT!: crux.ast.LiteralBool@3aea354b
Visited LiteralBool
CREATED LITERAL BOOL crux.ir.insts.CopyInst@6be0c495 with value: true
Exit LiteralBool
	OP: ||
OpExpr Returned: crux.ir.insts.CopyInst@47b2dd2e, crux.ir.insts.CopyInst@6be0c495
Called LinkInstructions(crux.ir.insts.CopyInst@6be0c495, crux.ir.insts.CallInst@2a2507de)
	Linked crux.ir.insts.CopyInst@6be0c495 to crux.ir.insts.CallInst@2a2507de
Call Returned: crux.ir.insts.CopyInst@47b2dd2e, crux.ir.insts.CallInst@2a2507de
STMT LIST CUR PAIR: crux.ir.insts.CopyInst@47b2dd2e, crux.ir.insts.CallInst@2a2507de
Called LinkInstructions(crux.ir.insts.CallInst@3e72a613, crux.ir.insts.CopyInst@47b2dd2e)
	Linked crux.ir.insts.CallInst@3e72a613 to crux.ir.insts.CopyInst@47b2dd2e
Current stmtlist start + end: crux.ir.insts.CopyInst@6865dcd6, crux.ir.insts.CallInst@2a2507de
Cur Statement: crux.ast.Call@6572336
Visited Call
Call Returned: crux.ir.insts.CallInst@6d7c0eda, crux.ir.insts.CallInst@6d7c0eda
STMT LIST CUR PAIR: crux.ir.insts.CallInst@6d7c0eda, crux.ir.insts.CallInst@6d7c0eda
Called LinkInstructions(crux.ir.insts.CallInst@2a2507de, crux.ir.insts.CallInst@6d7c0eda)
	Linked crux.ir.insts.CallInst@2a2507de to crux.ir.insts.CallInst@6d7c0eda
Current stmtlist start + end: crux.ir.insts.CopyInst@6865dcd6, crux.ir.insts.CallInst@6d7c0eda
Cur Statement: crux.ast.Call@d5ab8c
Visited Call
Visited OpExpr
	VISITING LEFT!: crux.ast.OpExpr@24c47bf
Visited OpExpr
	VISITING LEFT!: crux.ast.LiteralBool@3dbd8a53
Visited LiteralBool
CREATED LITERAL BOOL crux.ir.insts.CopyInst@303a59e0 with value: true
Exit LiteralBool
		LEFT PAIR: crux.ir.insts.CopyInst@303a59e0, crux.ir.insts.CopyInst@303a59e0, $t47
	VISITING RIGHT!: crux.ast.LiteralBool@1d1e0da0
Visited LiteralBool
CREATED LITERAL BOOL crux.ir.insts.CopyInst@7d8fc003 with value: false
Exit LiteralBool
	OP: &&
OpExpr Returned: crux.ir.insts.CopyInst@303a59e0, crux.ir.insts.CopyInst@7d8fc003
		LEFT PAIR: crux.ir.insts.CopyInst@303a59e0, crux.ir.insts.CopyInst@7d8fc003, $t49
	VISITING RIGHT!: crux.ast.LiteralBool@2cb122f3
Visited LiteralBool
CREATED LITERAL BOOL crux.ir.insts.CopyInst@4e268bdc with value: false
Exit LiteralBool
	OP: ||
OpExpr Returned: crux.ir.insts.CopyInst@303a59e0, crux.ir.insts.CopyInst@4e268bdc
Called LinkInstructions(crux.ir.insts.CopyInst@4e268bdc, crux.ir.insts.CallInst@23b8fcb5)
	Linked crux.ir.insts.CopyInst@4e268bdc to crux.ir.insts.CallInst@23b8fcb5
Call Returned: crux.ir.insts.CopyInst@303a59e0, crux.ir.insts.CallInst@23b8fcb5
STMT LIST CUR PAIR: crux.ir.insts.CopyInst@303a59e0, crux.ir.insts.CallInst@23b8fcb5
Called LinkInstructions(crux.ir.insts.CallInst@6d7c0eda, crux.ir.insts.CopyInst@303a59e0)
	Linked crux.ir.insts.CallInst@6d7c0eda to crux.ir.insts.CopyInst@303a59e0
Current stmtlist start + end: crux.ir.insts.CopyInst@6865dcd6, crux.ir.insts.CallInst@23b8fcb5
Cur Statement: crux.ast.Call@20b4bf19
Visited Call
Call Returned: crux.ir.insts.CallInst@5b7a746, crux.ir.insts.CallInst@5b7a746
STMT LIST CUR PAIR: crux.ir.insts.CallInst@5b7a746, crux.ir.insts.CallInst@5b7a746
Called LinkInstructions(crux.ir.insts.CallInst@23b8fcb5, crux.ir.insts.CallInst@5b7a746)
	Linked crux.ir.insts.CallInst@23b8fcb5 to crux.ir.insts.CallInst@5b7a746
Current stmtlist start + end: crux.ir.insts.CopyInst@6865dcd6, crux.ir.insts.CallInst@5b7a746
Cur Statement: crux.ast.Call@7fb5a447
Visited Call
Visited OpExpr
	VISITING LEFT!: crux.ast.OpExpr@1b8cb250
Visited OpExpr
	VISITING LEFT!: crux.ast.LiteralBool@1e459a4f
Visited LiteralBool
CREATED LITERAL BOOL crux.ir.insts.CopyInst@26f08356 with value: true
Exit LiteralBool
		LEFT PAIR: crux.ir.insts.CopyInst@26f08356, crux.ir.insts.CopyInst@26f08356, $t52
	VISITING RIGHT!: crux.ast.LiteralBool@74358c53
Visited LiteralBool
CREATED LITERAL BOOL crux.ir.insts.CopyInst@ad5aeb7 with value: false
Exit LiteralBool
	OP: &&
OpExpr Returned: crux.ir.insts.CopyInst@26f08356, crux.ir.insts.CopyInst@ad5aeb7
		LEFT PAIR: crux.ir.insts.CopyInst@26f08356, crux.ir.insts.CopyInst@ad5aeb7, $t54
	VISITING RIGHT!: crux.ast.LiteralBool@3870ca40
Visited LiteralBool
CREATED LITERAL BOOL crux.ir.insts.CopyInst@1a38042b with value: true
Exit LiteralBool
	OP: ||
OpExpr Returned: crux.ir.insts.CopyInst@26f08356, crux.ir.insts.CopyInst@1a38042b
Called LinkInstructions(crux.ir.insts.CopyInst@1a38042b, crux.ir.insts.CallInst@42b7442b)
	Linked crux.ir.insts.CopyInst@1a38042b to crux.ir.insts.CallInst@42b7442b
Call Returned: crux.ir.insts.CopyInst@26f08356, crux.ir.insts.CallInst@42b7442b
STMT LIST CUR PAIR: crux.ir.insts.CopyInst@26f08356, crux.ir.insts.CallInst@42b7442b
Called LinkInstructions(crux.ir.insts.CallInst@5b7a746, crux.ir.insts.CopyInst@26f08356)
	Linked crux.ir.insts.CallInst@5b7a746 to crux.ir.insts.CopyInst@26f08356
Current stmtlist start + end: crux.ir.insts.CopyInst@6865dcd6, crux.ir.insts.CallInst@42b7442b
Cur Statement: crux.ast.Call@6530eadc
Visited Call
Call Returned: crux.ir.insts.CallInst@5b2c1ef0, crux.ir.insts.CallInst@5b2c1ef0
STMT LIST CUR PAIR: crux.ir.insts.CallInst@5b2c1ef0, crux.ir.insts.CallInst@5b2c1ef0
Called LinkInstructions(crux.ir.insts.CallInst@42b7442b, crux.ir.insts.CallInst@5b2c1ef0)
	Linked crux.ir.insts.CallInst@42b7442b to crux.ir.insts.CallInst@5b2c1ef0
Current stmtlist start + end: crux.ir.insts.CopyInst@6865dcd6, crux.ir.insts.CallInst@5b2c1ef0
Cur Statement: crux.ast.Call@1ef40e2
Visited Call
Visited OpExpr
	VISITING LEFT!: crux.ast.OpExpr@7901cae8
Visited OpExpr
	VISITING LEFT!: crux.ast.LiteralBool@1b05a91e
Visited LiteralBool
CREATED LITERAL BOOL crux.ir.insts.CopyInst@2065ef10 with value: true
Exit LiteralBool
		LEFT PAIR: crux.ir.insts.CopyInst@2065ef10, crux.ir.insts.CopyInst@2065ef10, $t57
	VISITING RIGHT!: crux.ast.LiteralBool@5bf643ae
Visited LiteralBool
CREATED LITERAL BOOL crux.ir.insts.CopyInst@2cd784b2 with value: true
Exit LiteralBool
	OP: &&
OpExpr Returned: crux.ir.insts.CopyInst@2065ef10, crux.ir.insts.CopyInst@2cd784b2
		LEFT PAIR: crux.ir.insts.CopyInst@2065ef10, crux.ir.insts.CopyInst@2cd784b2, $t59
	VISITING RIGHT!: crux.ast.LiteralBool@1aac856f
Visited LiteralBool
CREATED LITERAL BOOL crux.ir.insts.CopyInst@153ee445 with value: false
Exit LiteralBool
	OP: ||
OpExpr Returned: crux.ir.insts.CopyInst@2065ef10, crux.ir.insts.CopyInst@153ee445
Called LinkInstructions(crux.ir.insts.CopyInst@153ee445, crux.ir.insts.CallInst@7cbc3e7f)
	Linked crux.ir.insts.CopyInst@153ee445 to crux.ir.insts.CallInst@7cbc3e7f
Call Returned: crux.ir.insts.CopyInst@2065ef10, crux.ir.insts.CallInst@7cbc3e7f
STMT LIST CUR PAIR: crux.ir.insts.CopyInst@2065ef10, crux.ir.insts.CallInst@7cbc3e7f
Called LinkInstructions(crux.ir.insts.CallInst@5b2c1ef0, crux.ir.insts.CopyInst@2065ef10)
	Linked crux.ir.insts.CallInst@5b2c1ef0 to crux.ir.insts.CopyInst@2065ef10
Current stmtlist start + end: crux.ir.insts.CopyInst@6865dcd6, crux.ir.insts.CallInst@7cbc3e7f
Cur Statement: crux.ast.Call@6c5ed74e
Visited Call
Call Returned: crux.ir.insts.CallInst@1227a057, crux.ir.insts.CallInst@1227a057
STMT LIST CUR PAIR: crux.ir.insts.CallInst@1227a057, crux.ir.insts.CallInst@1227a057
Called LinkInstructions(crux.ir.insts.CallInst@7cbc3e7f, crux.ir.insts.CallInst@1227a057)
	Linked crux.ir.insts.CallInst@7cbc3e7f to crux.ir.insts.CallInst@1227a057
Current stmtlist start + end: crux.ir.insts.CopyInst@6865dcd6, crux.ir.insts.CallInst@1227a057
Cur Statement: crux.ast.Call@70d9629a
Visited Call
Visited OpExpr
	VISITING LEFT!: crux.ast.OpExpr@6d0be538
Visited OpExpr
	VISITING LEFT!: crux.ast.LiteralBool@7775bb70
Visited LiteralBool
CREATED LITERAL BOOL crux.ir.insts.CopyInst@58ff88d1 with value: true
Exit LiteralBool
		LEFT PAIR: crux.ir.insts.CopyInst@58ff88d1, crux.ir.insts.CopyInst@58ff88d1, $t62
	VISITING RIGHT!: crux.ast.LiteralBool@6389ece6
Visited LiteralBool
CREATED LITERAL BOOL crux.ir.insts.CopyInst@5119e78a with value: true
Exit LiteralBool
	OP: &&
OpExpr Returned: crux.ir.insts.CopyInst@58ff88d1, crux.ir.insts.CopyInst@5119e78a
		LEFT PAIR: crux.ir.insts.CopyInst@58ff88d1, crux.ir.insts.CopyInst@5119e78a, $t64
	VISITING RIGHT!: crux.ast.LiteralBool@b6d68e2
Visited LiteralBool
CREATED LITERAL BOOL crux.ir.insts.CopyInst@2ff0d05e with value: true
Exit LiteralBool
	OP: ||
OpExpr Returned: crux.ir.insts.CopyInst@58ff88d1, crux.ir.insts.CopyInst@2ff0d05e
Called LinkInstructions(crux.ir.insts.CopyInst@2ff0d05e, crux.ir.insts.CallInst@332e79a)
	Linked crux.ir.insts.CopyInst@2ff0d05e to crux.ir.insts.CallInst@332e79a
Call Returned: crux.ir.insts.CopyInst@58ff88d1, crux.ir.insts.CallInst@332e79a
STMT LIST CUR PAIR: crux.ir.insts.CopyInst@58ff88d1, crux.ir.insts.CallInst@332e79a
Called LinkInstructions(crux.ir.insts.CallInst@1227a057, crux.ir.insts.CopyInst@58ff88d1)
	Linked crux.ir.insts.CallInst@1227a057 to crux.ir.insts.CopyInst@58ff88d1
Current stmtlist start + end: crux.ir.insts.CopyInst@6865dcd6, crux.ir.insts.CallInst@332e79a
Cur Statement: crux.ast.Call@1d0975c1
Visited Call
Call Returned: crux.ir.insts.CallInst@7d4324fa, crux.ir.insts.CallInst@7d4324fa
STMT LIST CUR PAIR: crux.ir.insts.CallInst@7d4324fa, crux.ir.insts.CallInst@7d4324fa
Called LinkInstructions(crux.ir.insts.CallInst@332e79a, crux.ir.insts.CallInst@7d4324fa)
	Linked crux.ir.insts.CallInst@332e79a to crux.ir.insts.CallInst@7d4324fa
Current stmtlist start + end: crux.ir.insts.CopyInst@6865dcd6, crux.ir.insts.CallInst@7d4324fa
Cur Statement: crux.ast.Call@5498792c
Visited Call
Visited OpExpr
	VISITING LEFT!: crux.ast.LiteralBool@40025a12
Visited LiteralBool
CREATED LITERAL BOOL crux.ir.insts.CopyInst@16f388ae with value: false
Exit LiteralBool
		LEFT PAIR: crux.ir.insts.CopyInst@16f388ae, crux.ir.insts.CopyInst@16f388ae, $t67
	VISITING RIGHT!: crux.ast.OpExpr@72f31a7e
Visited OpExpr
	VISITING LEFT!: crux.ast.LiteralBool@65b55c15
Visited LiteralBool
CREATED LITERAL BOOL crux.ir.insts.CopyInst@3735487b with value: false
Exit LiteralBool
		LEFT PAIR: crux.ir.insts.CopyInst@3735487b, crux.ir.insts.CopyInst@3735487b, $t68
	VISITING RIGHT!: crux.ast.LiteralBool@3d0900cb
Visited LiteralBool
CREATED LITERAL BOOL crux.ir.insts.CopyInst@57c3ddfe with value: false
Exit LiteralBool
	OP: &&
OpExpr Returned: crux.ir.insts.CopyInst@3735487b, crux.ir.insts.CopyInst@57c3ddfe
	OP: ||
OpExpr Returned: crux.ir.insts.CopyInst@16f388ae, crux.ir.insts.CopyInst@57c3ddfe
Called LinkInstructions(crux.ir.insts.CopyInst@57c3ddfe, crux.ir.insts.CallInst@185976e7)
	Linked crux.ir.insts.CopyInst@57c3ddfe to crux.ir.insts.CallInst@185976e7
Call Returned: crux.ir.insts.CopyInst@16f388ae, crux.ir.insts.CallInst@185976e7
STMT LIST CUR PAIR: crux.ir.insts.CopyInst@16f388ae, crux.ir.insts.CallInst@185976e7
Called LinkInstructions(crux.ir.insts.CallInst@7d4324fa, crux.ir.insts.CopyInst@16f388ae)
	Linked crux.ir.insts.CallInst@7d4324fa to crux.ir.insts.CopyInst@16f388ae
Current stmtlist start + end: crux.ir.insts.CopyInst@6865dcd6, crux.ir.insts.CallInst@185976e7
Cur Statement: crux.ast.Call@5b28307
Visited Call
Call Returned: crux.ir.insts.CallInst@7048d422, crux.ir.insts.CallInst@7048d422
STMT LIST CUR PAIR: crux.ir.insts.CallInst@7048d422, crux.ir.insts.CallInst@7048d422
Called LinkInstructions(crux.ir.insts.CallInst@185976e7, crux.ir.insts.CallInst@7048d422)
	Linked crux.ir.insts.CallInst@185976e7 to crux.ir.insts.CallInst@7048d422
Current stmtlist start + end: crux.ir.insts.CopyInst@6865dcd6, crux.ir.insts.CallInst@7048d422
Cur Statement: crux.ast.Call@392dcbf8
Visited Call
Visited OpExpr
	VISITING LEFT!: crux.ast.LiteralBool@6a907c74
Visited LiteralBool
CREATED LITERAL BOOL crux.ir.insts.CopyInst@7bab709a with value: false
Exit LiteralBool
		LEFT PAIR: crux.ir.insts.CopyInst@7bab709a, crux.ir.insts.CopyInst@7bab709a, $t72
	VISITING RIGHT!: crux.ast.OpExpr@4df45209
Visited OpExpr
	VISITING LEFT!: crux.ast.LiteralBool@1a513244
Visited LiteralBool
CREATED LITERAL BOOL crux.ir.insts.CopyInst@734b9ea6 with value: false
Exit LiteralBool
		LEFT PAIR: crux.ir.insts.CopyInst@734b9ea6, crux.ir.insts.CopyInst@734b9ea6, $t73
	VISITING RIGHT!: crux.ast.LiteralBool@53441ff5
Visited LiteralBool
CREATED LITERAL BOOL crux.ir.insts.CopyInst@3c4f6b8e with value: true
Exit LiteralBool
	OP: &&
OpExpr Returned: crux.ir.insts.CopyInst@734b9ea6, crux.ir.insts.CopyInst@3c4f6b8e
	OP: ||
OpExpr Returned: crux.ir.insts.CopyInst@7bab709a, crux.ir.insts.CopyInst@3c4f6b8e
Called LinkInstructions(crux.ir.insts.CopyInst@3c4f6b8e, crux.ir.insts.CallInst@2f1fbd51)
	Linked crux.ir.insts.CopyInst@3c4f6b8e to crux.ir.insts.CallInst@2f1fbd51
Call Returned: crux.ir.insts.CopyInst@7bab709a, crux.ir.insts.CallInst@2f1fbd51
STMT LIST CUR PAIR: crux.ir.insts.CopyInst@7bab709a, crux.ir.insts.CallInst@2f1fbd51
Called LinkInstructions(crux.ir.insts.CallInst@7048d422, crux.ir.insts.CopyInst@7bab709a)
	Linked crux.ir.insts.CallInst@7048d422 to crux.ir.insts.CopyInst@7bab709a
Current stmtlist start + end: crux.ir.insts.CopyInst@6865dcd6, crux.ir.insts.CallInst@2f1fbd51
Cur Statement: crux.ast.Call@8eb8ba
Visited Call
Call Returned: crux.ir.insts.CallInst@7346a4e9, crux.ir.insts.CallInst@7346a4e9
STMT LIST CUR PAIR: crux.ir.insts.CallInst@7346a4e9, crux.ir.insts.CallInst@7346a4e9
Called LinkInstructions(crux.ir.insts.CallInst@2f1fbd51, crux.ir.insts.CallInst@7346a4e9)
	Linked crux.ir.insts.CallInst@2f1fbd51 to crux.ir.insts.CallInst@7346a4e9
Current stmtlist start + end: crux.ir.insts.CopyInst@6865dcd6, crux.ir.insts.CallInst@7346a4e9
Cur Statement: crux.ast.Call@3412b214
Visited Call
Visited OpExpr
	VISITING LEFT!: crux.ast.LiteralBool@66b564f2
Visited LiteralBool
CREATED LITERAL BOOL crux.ir.insts.CopyInst@130b5bf6 with value: false
Exit LiteralBool
		LEFT PAIR: crux.ir.insts.CopyInst@130b5bf6, crux.ir.insts.CopyInst@130b5bf6, $t77
	VISITING RIGHT!: crux.ast.OpExpr@55acd492
Visited OpExpr
	VISITING LEFT!: crux.ast.LiteralBool@740f5e21
Visited LiteralBool
CREATED LITERAL BOOL crux.ir.insts.CopyInst@39d026a6 with value: true
Exit LiteralBool
		LEFT PAIR: crux.ir.insts.CopyInst@39d026a6, crux.ir.insts.CopyInst@39d026a6, $t78
	VISITING RIGHT!: crux.ast.LiteralBool@704d0e81
Visited LiteralBool
CREATED LITERAL BOOL crux.ir.insts.CopyInst@43f65c5e with value: false
Exit LiteralBool
	OP: &&
OpExpr Returned: crux.ir.insts.CopyInst@39d026a6, crux.ir.insts.CopyInst@43f65c5e
	OP: ||
OpExpr Returned: crux.ir.insts.CopyInst@130b5bf6, crux.ir.insts.CopyInst@43f65c5e
Called LinkInstructions(crux.ir.insts.CopyInst@43f65c5e, crux.ir.insts.CallInst@4d86fc57)
	Linked crux.ir.insts.CopyInst@43f65c5e to crux.ir.insts.CallInst@4d86fc57
Call Returned: crux.ir.insts.CopyInst@130b5bf6, crux.ir.insts.CallInst@4d86fc57
STMT LIST CUR PAIR: crux.ir.insts.CopyInst@130b5bf6, crux.ir.insts.CallInst@4d86fc57
Called LinkInstructions(crux.ir.insts.CallInst@7346a4e9, crux.ir.insts.CopyInst@130b5bf6)
	Linked crux.ir.insts.CallInst@7346a4e9 to crux.ir.insts.CopyInst@130b5bf6
Current stmtlist start + end: crux.ir.insts.CopyInst@6865dcd6, crux.ir.insts.CallInst@4d86fc57
Cur Statement: crux.ast.Call@755b1657
Visited Call
Call Returned: crux.ir.insts.CallInst@6dfa377b, crux.ir.insts.CallInst@6dfa377b
STMT LIST CUR PAIR: crux.ir.insts.CallInst@6dfa377b, crux.ir.insts.CallInst@6dfa377b
Called LinkInstructions(crux.ir.insts.CallInst@4d86fc57, crux.ir.insts.CallInst@6dfa377b)
	Linked crux.ir.insts.CallInst@4d86fc57 to crux.ir.insts.CallInst@6dfa377b
Current stmtlist start + end: crux.ir.insts.CopyInst@6865dcd6, crux.ir.insts.CallInst@6dfa377b
Cur Statement: crux.ast.Call@1c1f8236
Visited Call
Visited OpExpr
	VISITING LEFT!: crux.ast.LiteralBool@6681b1a6
Visited LiteralBool
CREATED LITERAL BOOL crux.ir.insts.CopyInst@4b45fa8f with value: false
Exit LiteralBool
		LEFT PAIR: crux.ir.insts.CopyInst@4b45fa8f, crux.ir.insts.CopyInst@4b45fa8f, $t82
	VISITING RIGHT!: crux.ast.OpExpr@77b85d73
Visited OpExpr
	VISITING LEFT!: crux.ast.LiteralBool@17d67f80
Visited LiteralBool
CREATED LITERAL BOOL crux.ir.insts.CopyInst@7cb1e05d with value: true
Exit LiteralBool
		LEFT PAIR: crux.ir.insts.CopyInst@7cb1e05d, crux.ir.insts.CopyInst@7cb1e05d, $t83
	VISITING RIGHT!: crux.ast.LiteralBool@1844ecc6
Visited LiteralBool
CREATED LITERAL BOOL crux.ir.insts.CopyInst@2d226978 with value: true
Exit LiteralBool
	OP: &&
OpExpr Returned: crux.ir.insts.CopyInst@7cb1e05d, crux.ir.insts.CopyInst@2d226978
	OP: ||
OpExpr Returned: crux.ir.insts.CopyInst@4b45fa8f, crux.ir.insts.CopyInst@2d226978
Called LinkInstructions(crux.ir.insts.CopyInst@2d226978, crux.ir.insts.CallInst@92c2923)
	Linked crux.ir.insts.CopyInst@2d226978 to crux.ir.insts.CallInst@92c2923
Call Returned: crux.ir.insts.CopyInst@4b45fa8f, crux.ir.insts.CallInst@92c2923
STMT LIST CUR PAIR: crux.ir.insts.CopyInst@4b45fa8f, crux.ir.insts.CallInst@92c2923
Called LinkInstructions(crux.ir.insts.CallInst@6dfa377b, crux.ir.insts.CopyInst@4b45fa8f)
	Linked crux.ir.insts.CallInst@6dfa377b to crux.ir.insts.CopyInst@4b45fa8f
Current stmtlist start + end: crux.ir.insts.CopyInst@6865dcd6, crux.ir.insts.CallInst@92c2923
Cur Statement: crux.ast.Call@7aec8353
Visited Call
Call Returned: crux.ir.insts.CallInst@45716214, crux.ir.insts.CallInst@45716214
STMT LIST CUR PAIR: crux.ir.insts.CallInst@45716214, crux.ir.insts.CallInst@45716214
Called LinkInstructions(crux.ir.insts.CallInst@92c2923, crux.ir.insts.CallInst@45716214)
	Linked crux.ir.insts.CallInst@92c2923 to crux.ir.insts.CallInst@45716214
Current stmtlist start + end: crux.ir.insts.CopyInst@6865dcd6, crux.ir.insts.CallInst@45716214
Cur Statement: crux.ast.Call@7ba6aa6b
Visited Call
Visited OpExpr
	VISITING LEFT!: crux.ast.LiteralBool@132be10d
Visited LiteralBool
CREATED LITERAL BOOL crux.ir.insts.CopyInst@d430e20 with value: true
Exit LiteralBool
		LEFT PAIR: crux.ir.insts.CopyInst@d430e20, crux.ir.insts.CopyInst@d430e20, $t87
	VISITING RIGHT!: crux.ast.OpExpr@43ecbc5e
Visited OpExpr
	VISITING LEFT!: crux.ast.LiteralBool@dd7b3ba
Visited LiteralBool
CREATED LITERAL BOOL crux.ir.insts.CopyInst@41b80884 with value: false
Exit LiteralBool
		LEFT PAIR: crux.ir.insts.CopyInst@41b80884, crux.ir.insts.CopyInst@41b80884, $t88
	VISITING RIGHT!: crux.ast.LiteralBool@541f2c9d
Visited LiteralBool
CREATED LITERAL BOOL crux.ir.insts.CopyInst@7237640c with value: false
Exit LiteralBool
	OP: &&
OpExpr Returned: crux.ir.insts.CopyInst@41b80884, crux.ir.insts.CopyInst@7237640c
	OP: ||
OpExpr Returned: crux.ir.insts.CopyInst@d430e20, crux.ir.insts.CopyInst@7237640c
Called LinkInstructions(crux.ir.insts.CopyInst@7237640c, crux.ir.insts.CallInst@424d4393)
	Linked crux.ir.insts.CopyInst@7237640c to crux.ir.insts.CallInst@424d4393
Call Returned: crux.ir.insts.CopyInst@d430e20, crux.ir.insts.CallInst@424d4393
STMT LIST CUR PAIR: crux.ir.insts.CopyInst@d430e20, crux.ir.insts.CallInst@424d4393
Called LinkInstructions(crux.ir.insts.CallInst@45716214, crux.ir.insts.CopyInst@d430e20)
	Linked crux.ir.insts.CallInst@45716214 to crux.ir.insts.CopyInst@d430e20
Current stmtlist start + end: crux.ir.insts.CopyInst@6865dcd6, crux.ir.insts.CallInst@424d4393
Cur Statement: crux.ast.Call@43b09f76
Visited Call
Call Returned: crux.ir.insts.CallInst@6e662859, crux.ir.insts.CallInst@6e662859
STMT LIST CUR PAIR: crux.ir.insts.CallInst@6e662859, crux.ir.insts.CallInst@6e662859
Called LinkInstructions(crux.ir.insts.CallInst@424d4393, crux.ir.insts.CallInst@6e662859)
	Linked crux.ir.insts.CallInst@424d4393 to crux.ir.insts.CallInst@6e662859
Current stmtlist start + end: crux.ir.insts.CopyInst@6865dcd6, crux.ir.insts.CallInst@6e662859
Cur Statement: crux.ast.Call@27b8269d
Visited Call
Visited OpExpr
	VISITING LEFT!: crux.ast.LiteralBool@fc1a822
Visited LiteralBool
CREATED LITERAL BOOL crux.ir.insts.CopyInst@484dcd83 with value: true
Exit LiteralBool
		LEFT PAIR: crux.ir.insts.CopyInst@484dcd83, crux.ir.insts.CopyInst@484dcd83, $t92
	VISITING RIGHT!: crux.ast.OpExpr@17b61033
Visited OpExpr
	VISITING LEFT!: crux.ast.LiteralBool@71dc5096
Visited LiteralBool
CREATED LITERAL BOOL crux.ir.insts.CopyInst@735e7637 with value: false
Exit LiteralBool
		LEFT PAIR: crux.ir.insts.CopyInst@735e7637, crux.ir.insts.CopyInst@735e7637, $t93
	VISITING RIGHT!: crux.ast.LiteralBool@55d99c0a
Visited LiteralBool
CREATED LITERAL BOOL crux.ir.insts.CopyInst@7249290a with value: true
Exit LiteralBool
	OP: &&
OpExpr Returned: crux.ir.insts.CopyInst@735e7637, crux.ir.insts.CopyInst@7249290a
	OP: ||
OpExpr Returned: crux.ir.insts.CopyInst@484dcd83, crux.ir.insts.CopyInst@7249290a
Called LinkInstructions(crux.ir.insts.CopyInst@7249290a, crux.ir.insts.CallInst@61028f35)
	Linked crux.ir.insts.CopyInst@7249290a to crux.ir.insts.CallInst@61028f35
Call Returned: crux.ir.insts.CopyInst@484dcd83, crux.ir.insts.CallInst@61028f35
STMT LIST CUR PAIR: crux.ir.insts.CopyInst@484dcd83, crux.ir.insts.CallInst@61028f35
Called LinkInstructions(crux.ir.insts.CallInst@6e662859, crux.ir.insts.CopyInst@484dcd83)
	Linked crux.ir.insts.CallInst@6e662859 to crux.ir.insts.CopyInst@484dcd83
Current stmtlist start + end: crux.ir.insts.CopyInst@6865dcd6, crux.ir.insts.CallInst@61028f35
Cur Statement: crux.ast.Call@61edb2ec
Visited Call
Call Returned: crux.ir.insts.CallInst@784d5b17, crux.ir.insts.CallInst@784d5b17
STMT LIST CUR PAIR: crux.ir.insts.CallInst@784d5b17, crux.ir.insts.CallInst@784d5b17
Called LinkInstructions(crux.ir.insts.CallInst@61028f35, crux.ir.insts.CallInst@784d5b17)
	Linked crux.ir.insts.CallInst@61028f35 to crux.ir.insts.CallInst@784d5b17
Current stmtlist start + end: crux.ir.insts.CopyInst@6865dcd6, crux.ir.insts.CallInst@784d5b17
Cur Statement: crux.ast.Call@43f72c6d
Visited Call
Visited OpExpr
	VISITING LEFT!: crux.ast.LiteralBool@36796801
Visited LiteralBool
CREATED LITERAL BOOL crux.ir.insts.CopyInst@3a8fc6f0 with value: true
Exit LiteralBool
		LEFT PAIR: crux.ir.insts.CopyInst@3a8fc6f0, crux.ir.insts.CopyInst@3a8fc6f0, $t97
	VISITING RIGHT!: crux.ast.OpExpr@2808a755
Visited OpExpr
	VISITING LEFT!: crux.ast.LiteralBool@52e6627d
Visited LiteralBool
CREATED LITERAL BOOL crux.ir.insts.CopyInst@2f222140 with value: true
Exit LiteralBool
		LEFT PAIR: crux.ir.insts.CopyInst@2f222140, crux.ir.insts.CopyInst@2f222140, $t98
	VISITING RIGHT!: crux.ast.LiteralBool@6b5eda12
Visited LiteralBool
CREATED LITERAL BOOL crux.ir.insts.CopyInst@681fa23 with value: false
Exit LiteralBool
	OP: &&
OpExpr Returned: crux.ir.insts.CopyInst@2f222140, crux.ir.insts.CopyInst@681fa23
	OP: ||
OpExpr Returned: crux.ir.insts.CopyInst@3a8fc6f0, crux.ir.insts.CopyInst@681fa23
Called LinkInstructions(crux.ir.insts.CopyInst@681fa23, crux.ir.insts.CallInst@67958504)
	Linked crux.ir.insts.CopyInst@681fa23 to crux.ir.insts.CallInst@67958504
Call Returned: crux.ir.insts.CopyInst@3a8fc6f0, crux.ir.insts.CallInst@67958504
STMT LIST CUR PAIR: crux.ir.insts.CopyInst@3a8fc6f0, crux.ir.insts.CallInst@67958504
Called LinkInstructions(crux.ir.insts.CallInst@784d5b17, crux.ir.insts.CopyInst@3a8fc6f0)
	Linked crux.ir.insts.CallInst@784d5b17 to crux.ir.insts.CopyInst@3a8fc6f0
Current stmtlist start + end: crux.ir.insts.CopyInst@6865dcd6, crux.ir.insts.CallInst@67958504
Cur Statement: crux.ast.Call@59839097
Visited Call
Call Returned: crux.ir.insts.CallInst@44104fff, crux.ir.insts.CallInst@44104fff
STMT LIST CUR PAIR: crux.ir.insts.CallInst@44104fff, crux.ir.insts.CallInst@44104fff
Called LinkInstructions(crux.ir.insts.CallInst@67958504, crux.ir.insts.CallInst@44104fff)
	Linked crux.ir.insts.CallInst@67958504 to crux.ir.insts.CallInst@44104fff
Current stmtlist start + end: crux.ir.insts.CopyInst@6865dcd6, crux.ir.insts.CallInst@44104fff
Cur Statement: crux.ast.Call@4d49e5bc
Visited Call
Visited OpExpr
	VISITING LEFT!: crux.ast.LiteralBool@6bfe4b4
Visited LiteralBool
CREATED LITERAL BOOL crux.ir.insts.CopyInst@437ddbdc with value: true
Exit LiteralBool
		LEFT PAIR: crux.ir.insts.CopyInst@437ddbdc, crux.ir.insts.CopyInst@437ddbdc, $t102
	VISITING RIGHT!: crux.ast.OpExpr@5540bfb
Visited OpExpr
	VISITING LEFT!: crux.ast.LiteralBool@7b26ae8
Visited LiteralBool
CREATED LITERAL BOOL crux.ir.insts.CopyInst@7e51a4ee with value: true
Exit LiteralBool
		LEFT PAIR: crux.ir.insts.CopyInst@7e51a4ee, crux.ir.insts.CopyInst@7e51a4ee, $t103
	VISITING RIGHT!: crux.ast.LiteralBool@535f23c3
Visited LiteralBool
CREATED LITERAL BOOL crux.ir.insts.CopyInst@76f1f180 with value: true
Exit LiteralBool
	OP: &&
OpExpr Returned: crux.ir.insts.CopyInst@7e51a4ee, crux.ir.insts.CopyInst@76f1f180
	OP: ||
OpExpr Returned: crux.ir.insts.CopyInst@437ddbdc, crux.ir.insts.CopyInst@76f1f180
Called LinkInstructions(crux.ir.insts.CopyInst@76f1f180, crux.ir.insts.CallInst@6200209c)
	Linked crux.ir.insts.CopyInst@76f1f180 to crux.ir.insts.CallInst@6200209c
Call Returned: crux.ir.insts.CopyInst@437ddbdc, crux.ir.insts.CallInst@6200209c
STMT LIST CUR PAIR: crux.ir.insts.CopyInst@437ddbdc, crux.ir.insts.CallInst@6200209c
Called LinkInstructions(crux.ir.insts.CallInst@44104fff, crux.ir.insts.CopyInst@437ddbdc)
	Linked crux.ir.insts.CallInst@44104fff to crux.ir.insts.CopyInst@437ddbdc
Current stmtlist start + end: crux.ir.insts.CopyInst@6865dcd6, crux.ir.insts.CallInst@6200209c
Cur Statement: crux.ast.Call@11059ee6
Visited Call
Call Returned: crux.ir.insts.CallInst@3beef63e, crux.ir.insts.CallInst@3beef63e
STMT LIST CUR PAIR: crux.ir.insts.CallInst@3beef63e, crux.ir.insts.CallInst@3beef63e
Called LinkInstructions(crux.ir.insts.CallInst@6200209c, crux.ir.insts.CallInst@3beef63e)
	Linked crux.ir.insts.CallInst@6200209c to crux.ir.insts.CallInst@3beef63e
Current stmtlist start + end: crux.ir.insts.CopyInst@6865dcd6, crux.ir.insts.CallInst@3beef63e
Statement List Returned: crux.ir.insts.CopyInst@6865dcd6, crux.ir.insts.CallInst@3beef63e
Exit FunctionDef
Exited decl list
Enter CopyInst with crux.ir.insts.CopyInst@6865dcd6
Exited CopyInst: crux.ir.insts.CopyInst@6865dcd6
Enter CopyInst with crux.ir.insts.CopyInst@39d97be1
Exited CopyInst: crux.ir.insts.CopyInst@39d97be1
Entered CompareInst
	3, null
Exited CompareInst: crux.ir.insts.CompareInst@671e855c
]]></system-out>
  </testcase>
  <testcase name="emulateIR" classname="crux.CompilerStageTests" time="0.765"/>
  <testcase name="emulateIR" classname="crux.CompilerStageTests" time="0.527"/>
  <testcase name="emulateIR" classname="crux.CompilerStageTests" time="0.228"/>
  <testcase name="emulateIR" classname="crux.CompilerStageTests" time="0.126"/>
  <testcase name="emulateIR" classname="crux.CompilerStageTests" time="0.025"/>
  <testcase name="emulateIR" classname="crux.CompilerStageTests" time="0.07"/>
  <testcase name="emulateIR" classname="crux.CompilerStageTests" time="0.04"/>
  <testcase name="emulateIR" classname="crux.CompilerStageTests" time="0.205"/>
  <testcase name="emulateIR" classname="crux.CompilerStageTests" time="0.058"/>
  <testcase name="emulateIR" classname="crux.CompilerStageTests" time="0.06"/>
  <testcase name="emulateIR" classname="crux.CompilerStageTests" time="1.491"/>
</testsuite>