<?xml version="1.0" encoding="UTF-8"?>
<testsuite xmlns:xsi="http://www.w3.org/2001/XMLSchema-instance" xsi:noNamespaceSchemaLocation="https://maven.apache.org/surefire/maven-surefire-plugin/xsd/surefire-test-report-3.0.xsd" version="3.0" name="crux.CompilerStageTests" time="16.101" tests="45" errors="45" skipped="0" failures="0">
  <properties>
[...]
</properties>
  <testcase name="codegen" classname="crux.CompilerStageTests" time="1.503">
    <error type="java.util.concurrent.ExecutionException"><![CDATA[java.util.concurrent.ExecutionException: java.lang.Error: Assembling and linking failed
	at crux.CompilerStageTests.lambda$codegen$9(CompilerStageTests.java:299)
Caused by: java.lang.Error: Assembling and linking failed
]]></error>
  </testcase>
  <testcase name="codegen" classname="crux.CompilerStageTests" time="0.817">
    <error type="java.util.concurrent.ExecutionException"><![CDATA[java.util.concurrent.ExecutionException: java.lang.Error: Assembling and linking failed
	at crux.CompilerStageTests.lambda$codegen$9(CompilerStageTests.java:299)
Caused by: java.lang.Error: Assembling and linking failed
]]></error>
  </testcase>
  <testcase name="codegen" classname="crux.CompilerStageTests" time="0.391">
    <error type="java.util.concurrent.ExecutionException"><![CDATA[java.util.concurrent.ExecutionException: java.lang.Error: Assembling and linking failed
	at crux.CompilerStageTests.lambda$codegen$9(CompilerStageTests.java:299)
Caused by: java.lang.Error: Assembling and linking failed
]]></error>
  </testcase>
  <testcase name="codegen" classname="crux.CompilerStageTests" time="0.337">
    <error type="java.util.concurrent.ExecutionException"><![CDATA[java.util.concurrent.ExecutionException: java.lang.Error: Assembling and linking failed
	at crux.CompilerStageTests.lambda$codegen$9(CompilerStageTests.java:299)
Caused by: java.lang.Error: Assembling and linking failed
]]></error>
  </testcase>
  <testcase name="codegen" classname="crux.CompilerStageTests" time="0.499">
    <error type="java.util.concurrent.ExecutionException"><![CDATA[java.util.concurrent.ExecutionException: java.lang.Error: Assembling and linking failed
	at crux.CompilerStageTests.lambda$codegen$9(CompilerStageTests.java:299)
Caused by: java.lang.Error: Assembling and linking failed
]]></error>
  </testcase>
  <testcase name="codegen" classname="crux.CompilerStageTests" time="0.332">
    <error type="java.util.concurrent.ExecutionException"><![CDATA[java.util.concurrent.ExecutionException: java.lang.Error: Assembling and linking failed
	at crux.CompilerStageTests.lambda$codegen$9(CompilerStageTests.java:299)
Caused by: java.lang.Error: Assembling and linking failed
]]></error>
  </testcase>
  <testcase name="codegen" classname="crux.CompilerStageTests" time="0.264">
    <error type="java.util.concurrent.ExecutionException"><![CDATA[java.util.concurrent.ExecutionException: java.lang.Error: Assembling and linking failed
	at crux.CompilerStageTests.lambda$codegen$9(CompilerStageTests.java:299)
Caused by: java.lang.Error: Assembling and linking failed
]]></error>
  </testcase>
  <testcase name="codegen" classname="crux.CompilerStageTests" time="0.224">
    <error type="java.util.concurrent.ExecutionException"><![CDATA[java.util.concurrent.ExecutionException: java.lang.Error: Assembling and linking failed
	at crux.CompilerStageTests.lambda$codegen$9(CompilerStageTests.java:299)
Caused by: java.lang.Error: Assembling and linking failed
]]></error>
  </testcase>
  <testcase name="codegen" classname="crux.CompilerStageTests" time="0.213">
    <error type="java.util.concurrent.ExecutionException"><![CDATA[java.util.concurrent.ExecutionException: java.lang.Error: Assembling and linking failed
	at crux.CompilerStageTests.lambda$codegen$9(CompilerStageTests.java:299)
Caused by: java.lang.Error: Assembling and linking failed
]]></error>
  </testcase>
  <testcase name="codegen" classname="crux.CompilerStageTests" time="0.266">
    <error type="java.util.concurrent.ExecutionException"><![CDATA[java.util.concurrent.ExecutionException: java.lang.Error: Assembling and linking failed
	at crux.CompilerStageTests.lambda$codegen$9(CompilerStageTests.java:299)
Caused by: java.lang.Error: Assembling and linking failed
]]></error>
  </testcase>
  <testcase name="codegen" classname="crux.CompilerStageTests" time="0.234">
    <error type="java.util.concurrent.ExecutionException"><![CDATA[java.util.concurrent.ExecutionException: java.lang.Error: Assembling and linking failed
	at crux.CompilerStageTests.lambda$codegen$9(CompilerStageTests.java:299)
Caused by: java.lang.Error: Assembling and linking failed
]]></error>
  </testcase>
  <testcase name="codegen" classname="crux.CompilerStageTests" time="0.222">
    <error type="java.util.concurrent.ExecutionException"><![CDATA[java.util.concurrent.ExecutionException: java.lang.Error: Assembling and linking failed
	at crux.CompilerStageTests.lambda$codegen$9(CompilerStageTests.java:299)
Caused by: java.lang.Error: Assembling and linking failed
]]></error>
  </testcase>
  <testcase name="codegen" classname="crux.CompilerStageTests" time="0.2">
    <error type="java.util.concurrent.ExecutionException"><![CDATA[java.util.concurrent.ExecutionException: java.lang.Error: Assembling and linking failed
	at crux.CompilerStageTests.lambda$codegen$9(CompilerStageTests.java:299)
Caused by: java.lang.Error: Assembling and linking failed
]]></error>
  </testcase>
  <testcase name="codegen" classname="crux.CompilerStageTests" time="0.182">
    <error type="java.util.concurrent.ExecutionException"><![CDATA[java.util.concurrent.ExecutionException: java.lang.Error: Assembling and linking failed
	at crux.CompilerStageTests.lambda$codegen$9(CompilerStageTests.java:299)
Caused by: java.lang.Error: Assembling and linking failed
]]></error>
  </testcase>
  <testcase name="codegen" classname="crux.CompilerStageTests" time="0.219">
    <error type="java.util.concurrent.ExecutionException"><![CDATA[java.util.concurrent.ExecutionException: java.lang.Error: Assembling and linking failed
	at crux.CompilerStageTests.lambda$codegen$9(CompilerStageTests.java:299)
Caused by: java.lang.Error: Assembling and linking failed
]]></error>
  </testcase>
  <testcase name="codegen" classname="crux.CompilerStageTests" time="0.23">
    <error type="java.util.concurrent.ExecutionException"><![CDATA[java.util.concurrent.ExecutionException: java.lang.Error: Assembling and linking failed
	at crux.CompilerStageTests.lambda$codegen$9(CompilerStageTests.java:299)
Caused by: java.lang.Error: Assembling and linking failed
]]></error>
  </testcase>
  <testcase name="codegen" classname="crux.CompilerStageTests" time="0.285">
    <error type="java.util.concurrent.ExecutionException"><![CDATA[java.util.concurrent.ExecutionException: java.lang.Error: Assembling and linking failed
	at crux.CompilerStageTests.lambda$codegen$9(CompilerStageTests.java:299)
Caused by: java.lang.Error: Assembling and linking failed
]]></error>
  </testcase>
  <testcase name="codegen" classname="crux.CompilerStageTests" time="0.202">
    <error type="java.util.concurrent.ExecutionException"><![CDATA[java.util.concurrent.ExecutionException: java.lang.Error: Assembling and linking failed
	at crux.CompilerStageTests.lambda$codegen$9(CompilerStageTests.java:299)
Caused by: java.lang.Error: Assembling and linking failed
]]></error>
  </testcase>
  <testcase name="codegen" classname="crux.CompilerStageTests" time="0.205">
    <error type="java.util.concurrent.ExecutionException"><![CDATA[java.util.concurrent.ExecutionException: java.lang.Error: Assembling and linking failed
	at crux.CompilerStageTests.lambda$codegen$9(CompilerStageTests.java:299)
Caused by: java.lang.Error: Assembling and linking failed
]]></error>
  </testcase>
  <testcase name="codegen" classname="crux.CompilerStageTests" time="0.187">
    <error type="java.util.concurrent.ExecutionException"><![CDATA[java.util.concurrent.ExecutionException: java.lang.Error: Assembling and linking failed
	at crux.CompilerStageTests.lambda$codegen$9(CompilerStageTests.java:299)
Caused by: java.lang.Error: Assembling and linking failed
]]></error>
  </testcase>
  <testcase name="codegen" classname="crux.CompilerStageTests" time="0.28">
    <error type="java.util.concurrent.ExecutionException"><![CDATA[java.util.concurrent.ExecutionException: java.lang.Error: Assembling and linking failed
	at crux.CompilerStageTests.lambda$codegen$9(CompilerStageTests.java:299)
Caused by: java.lang.Error: Assembling and linking failed
]]></error>
  </testcase>
  <testcase name="codegen" classname="crux.CompilerStageTests" time="0.193">
    <error type="java.util.concurrent.ExecutionException"><![CDATA[java.util.concurrent.ExecutionException: java.lang.Error: Assembling and linking failed
	at crux.CompilerStageTests.lambda$codegen$9(CompilerStageTests.java:299)
Caused by: java.lang.Error: Assembling and linking failed
]]></error>
  </testcase>
  <testcase name="codegen" classname="crux.CompilerStageTests" time="0.239">
    <error type="java.util.concurrent.ExecutionException"><![CDATA[java.util.concurrent.ExecutionException: java.lang.Error: Assembling and linking failed
	at crux.CompilerStageTests.lambda$codegen$9(CompilerStageTests.java:299)
Caused by: java.lang.Error: Assembling and linking failed
]]></error>
  </testcase>
  <testcase name="codegen" classname="crux.CompilerStageTests" time="0.201">
    <error type="java.util.concurrent.ExecutionException"><![CDATA[java.util.concurrent.ExecutionException: java.lang.Error: Assembling and linking failed
	at crux.CompilerStageTests.lambda$codegen$9(CompilerStageTests.java:299)
Caused by: java.lang.Error: Assembling and linking failed
]]></error>
  </testcase>
  <testcase name="codegen" classname="crux.CompilerStageTests" time="0.201">
    <error type="java.util.concurrent.ExecutionException"><![CDATA[java.util.concurrent.ExecutionException: java.lang.Error: Assembling and linking failed
	at crux.CompilerStageTests.lambda$codegen$9(CompilerStageTests.java:299)
Caused by: java.lang.Error: Assembling and linking failed
]]></error>
  </testcase>
  <testcase name="codegen" classname="crux.CompilerStageTests" time="0.272">
    <error type="java.util.concurrent.ExecutionException"><![CDATA[java.util.concurrent.ExecutionException: java.lang.Error: Assembling and linking failed
	at crux.CompilerStageTests.lambda$codegen$9(CompilerStageTests.java:299)
Caused by: java.lang.Error: Assembling and linking failed
]]></error>
  </testcase>
  <testcase name="codegen" classname="crux.CompilerStageTests" time="0.528">
    <error type="java.util.concurrent.ExecutionException"><![CDATA[java.util.concurrent.ExecutionException: java.lang.Error: Assembling and linking failed
	at crux.CompilerStageTests.lambda$codegen$9(CompilerStageTests.java:299)
Caused by: java.lang.Error: Assembling and linking failed
]]></error>
  </testcase>
  <testcase name="codegen" classname="crux.CompilerStageTests" time="0.336">
    <error type="java.util.concurrent.ExecutionException"><![CDATA[java.util.concurrent.ExecutionException: java.lang.Error: Assembling and linking failed
	at crux.CompilerStageTests.lambda$codegen$9(CompilerStageTests.java:299)
Caused by: java.lang.Error: Assembling and linking failed
]]></error>
  </testcase>
  <testcase name="codegen" classname="crux.CompilerStageTests" time="0.303">
    <error type="java.util.concurrent.ExecutionException"><![CDATA[java.util.concurrent.ExecutionException: java.lang.Error: Assembling and linking failed
	at crux.CompilerStageTests.lambda$codegen$9(CompilerStageTests.java:299)
Caused by: java.lang.Error: Assembling and linking failed
]]></error>
  </testcase>
  <testcase name="codegen" classname="crux.CompilerStageTests" time="0.265">
    <error type="java.util.concurrent.ExecutionException"><![CDATA[java.util.concurrent.ExecutionException: java.lang.Error: Assembling and linking failed
	at crux.CompilerStageTests.lambda$codegen$9(CompilerStageTests.java:299)
Caused by: java.lang.Error: Assembling and linking failed
]]></error>
  </testcase>
  <testcase name="codegen" classname="crux.CompilerStageTests" time="0.369">
    <error type="java.util.concurrent.ExecutionException"><![CDATA[java.util.concurrent.ExecutionException: java.lang.Error: Assembling and linking failed
	at crux.CompilerStageTests.lambda$codegen$9(CompilerStageTests.java:299)
Caused by: java.lang.Error: Assembling and linking failed
]]></error>
  </testcase>
  <testcase name="codegen" classname="crux.CompilerStageTests" time="0.373">
    <error type="java.util.concurrent.ExecutionException"><![CDATA[java.util.concurrent.ExecutionException: java.lang.Error: Assembling and linking failed
	at crux.CompilerStageTests.lambda$codegen$9(CompilerStageTests.java:299)
Caused by: java.lang.Error: Assembling and linking failed
]]></error>
  </testcase>
  <testcase name="codegen" classname="crux.CompilerStageTests" time="0.262">
    <error type="java.util.concurrent.ExecutionException"><![CDATA[java.util.concurrent.ExecutionException: java.lang.Error: Assembling and linking failed
	at crux.CompilerStageTests.lambda$codegen$9(CompilerStageTests.java:299)
Caused by: java.lang.Error: Assembling and linking failed
]]></error>
  </testcase>
  <testcase name="codegen" classname="crux.CompilerStageTests" time="0.326">
    <error type="java.util.concurrent.ExecutionException"><![CDATA[java.util.concurrent.ExecutionException: java.lang.Error: Assembling and linking failed
	at crux.CompilerStageTests.lambda$codegen$9(CompilerStageTests.java:299)
Caused by: java.lang.Error: Assembling and linking failed
]]></error>
  </testcase>
  <testcase name="codegen" classname="crux.CompilerStageTests" time="0.351">
    <error type="java.util.concurrent.ExecutionException"><![CDATA[java.util.concurrent.ExecutionException: java.lang.Error: Assembling and linking failed
	at crux.CompilerStageTests.lambda$codegen$9(CompilerStageTests.java:299)
Caused by: java.lang.Error: Assembling and linking failed
]]></error>
  </testcase>
  <testcase name="codegen" classname="crux.CompilerStageTests" time="0.434">
    <error type="java.util.concurrent.ExecutionException"><![CDATA[java.util.concurrent.ExecutionException: java.lang.Error: Assembling and linking failed
	at crux.CompilerStageTests.lambda$codegen$9(CompilerStageTests.java:299)
Caused by: java.lang.Error: Assembling and linking failed
]]></error>
  </testcase>
  <testcase name="codegen" classname="crux.CompilerStageTests" time="0.686">
    <error type="java.util.concurrent.ExecutionException"><![CDATA[java.util.concurrent.ExecutionException: java.lang.Error: Assembling and linking failed
	at crux.CompilerStageTests.lambda$codegen$9(CompilerStageTests.java:299)
Caused by: java.lang.Error: Assembling and linking failed
]]></error>
  </testcase>
  <testcase name="codegen" classname="crux.CompilerStageTests" time="0.346">
    <error type="java.util.concurrent.ExecutionException"><![CDATA[java.util.concurrent.ExecutionException: java.lang.Error: Assembling and linking failed
	at crux.CompilerStageTests.lambda$codegen$9(CompilerStageTests.java:299)
Caused by: java.lang.Error: Assembling and linking failed
]]></error>
  </testcase>
  <testcase name="codegen" classname="crux.CompilerStageTests" time="0.641">
    <error type="java.util.concurrent.ExecutionException"><![CDATA[java.util.concurrent.ExecutionException: java.lang.Error: Assembling and linking failed
	at crux.CompilerStageTests.lambda$codegen$9(CompilerStageTests.java:299)
Caused by: java.lang.Error: Assembling and linking failed
]]></error>
  </testcase>
  <testcase name="codegen" classname="crux.CompilerStageTests" time="0.415">
    <error type="java.util.concurrent.ExecutionException"><![CDATA[java.util.concurrent.ExecutionException: java.lang.Error: Assembling and linking failed
	at crux.CompilerStageTests.lambda$codegen$9(CompilerStageTests.java:299)
Caused by: java.lang.Error: Assembling and linking failed
]]></error>
  </testcase>
  <testcase name="codegen" classname="crux.CompilerStageTests" time="0.391">
    <error type="java.util.concurrent.ExecutionException"><![CDATA[java.util.concurrent.ExecutionException: java.lang.Error: Assembling and linking failed
	at crux.CompilerStageTests.lambda$codegen$9(CompilerStageTests.java:299)
Caused by: java.lang.Error: Assembling and linking failed
]]></error>
  </testcase>
  <testcase name="codegen" classname="crux.CompilerStageTests" time="0.396">
    <error type="java.util.concurrent.ExecutionException"><![CDATA[java.util.concurrent.ExecutionException: java.lang.Error: Assembling and linking failed
	at crux.CompilerStageTests.lambda$codegen$9(CompilerStageTests.java:299)
Caused by: java.lang.Error: Assembling and linking failed
]]></error>
  </testcase>
  <testcase name="codegen" classname="crux.CompilerStageTests" time="0.334">
    <error type="java.util.concurrent.ExecutionException"><![CDATA[java.util.concurrent.ExecutionException: java.lang.Error: Assembling and linking failed
	at crux.CompilerStageTests.lambda$codegen$9(CompilerStageTests.java:299)
Caused by: java.lang.Error: Assembling and linking failed
]]></error>
  </testcase>
  <testcase name="codegen" classname="crux.CompilerStageTests" time="0.351">
    <error type="java.util.concurrent.ExecutionException"><![CDATA[java.util.concurrent.ExecutionException: java.lang.Error: Assembling and linking failed
	at crux.CompilerStageTests.lambda$codegen$9(CompilerStageTests.java:299)
Caused by: java.lang.Error: Assembling and linking failed
]]></error>
  </testcase>
  <testcase name="codegen" classname="crux.CompilerStageTests" time="0.343">
    <error type="java.util.concurrent.ExecutionException"><![CDATA[java.util.concurrent.ExecutionException: java.lang.Error: Assembling and linking failed
	at crux.CompilerStageTests.lambda$codegen$9(CompilerStageTests.java:299)
Caused by: java.lang.Error: Assembling and linking failed
]]></error>
  </testcase>
</testsuite>